Log file open, 06/15/22 18:54:02
LogWindows: Failed to load 'aqProf.dll' (GetLastError=126)
LogWindows: File 'aqProf.dll' does not exist
LogWindows: Failed to load 'VtuneApi.dll' (GetLastError=126)
LogWindows: File 'VtuneApi.dll' does not exist
LogWindows: Failed to load 'VtuneApi32e.dll' (GetLastError=126)
LogWindows: File 'VtuneApi32e.dll' does not exist
LogConsoleResponse: Display: Failed to find resolution value strings in scalability ini. Falling back to default.
LogConsoleResponse: Display: Failed to find resolution value strings in scalability ini. Falling back to default.
LogInit: Display: Running engine for game: collisions
LogPlatformFile: Not using cached read wrapper
LogTaskGraph: Started task graph with 5 named threads and 11 total threads with 3 sets of task threads.
LogStats: Stats thread started at 0.385044
LogICUInternationalization: ICU TimeZone Detection - Raw Offset: +3:00, Platform Override: ''
LogInit: Display: Loading text-based GConfig....
LogPluginManager: Mounting plugin MeshPainting
LogPluginManager: Mounting plugin XGEController
LogPluginManager: Mounting plugin Paper2D
LogPluginManager: Mounting plugin AISupport
LogPluginManager: Mounting plugin EnvironmentQueryEditor
LogPluginManager: Mounting plugin LiveLink
LogPluginManager: Mounting plugin LightPropagationVolume
LogPluginManager: Mounting plugin CameraShakePreviewer
LogPluginManager: Mounting plugin GameplayCameras
LogPluginManager: Mounting plugin OodleData
LogPluginManager: Mounting plugin AnimationSharing
LogPluginManager: Mounting plugin OodleNetwork
LogPluginManager: Mounting plugin CLionSourceCodeAccess
LogPluginManager: Mounting plugin CodeLiteSourceCodeAccess
LogPluginManager: Mounting plugin GitSourceControl
LogPluginManager: Mounting plugin KDevelopSourceCodeAccess
LogPluginManager: Mounting plugin NullSourceCodeAccess
LogPluginManager: Mounting plugin PerforceSourceControl
LogPluginManager: Mounting plugin PixWinPlugin
LogPluginManager: Mounting plugin PluginUtils
LogPluginManager: Mounting plugin PlasticSourceControl
LogPluginManager: Mounting plugin PropertyAccessNode
LogPluginManager: Mounting plugin RiderSourceCodeAccess
LogPluginManager: Mounting plugin SubversionSourceControl
LogPluginManager: Mounting plugin TextureFormatOodle
LogPluginManager: Mounting plugin DatasmithContent
LogPluginManager: Mounting plugin UObjectPlugin
LogPluginManager: Mounting plugin AssetManagerEditor
LogPluginManager: Mounting plugin VisualStudioSourceCodeAccess
LogPluginManager: Mounting plugin VisualStudioCodeSourceCodeAccess
LogPluginManager: Mounting plugin XCodeSourceCodeAccess
LogPluginManager: Mounting plugin CryptoKeys
LogPluginManager: Mounting plugin CurveEditorTools
LogPluginManager: Mounting plugin DataValidation
LogPluginManager: Mounting plugin FacialAnimation
LogPluginManager: Mounting plugin GameplayTagsEditor
LogPluginManager: Mounting plugin GeometryMode
LogPluginManager: Mounting plugin MacGraphicsSwitching
LogPluginManager: Mounting plugin VariantManagerContent
LogPluginManager: Mounting plugin MaterialAnalyzer
LogPluginManager: Mounting plugin MobileLauncherProfileWizard
LogPluginManager: Mounting plugin PluginBrowser
LogPluginManager: Mounting plugin SpeedTreeImporter
LogPluginManager: Mounting plugin Niagara
LogPluginManager: Mounting plugin LuminPlatformFeatures
LogPluginManager: Mounting plugin MagicLeap
LogPluginManager: Mounting plugin AlembicImporter
LogPluginManager: Mounting plugin AutomationUtils
LogPluginManager: Mounting plugin BackChannel
LogPluginManager: Mounting plugin MagicLeapLightEstimation
LogPluginManager: Mounting plugin MagicLeapMedia
LogPluginManager: Mounting plugin ChaosCloth
LogPluginManager: Mounting plugin ChaosClothEditor
LogPluginManager: Mounting plugin ChaosEditor
LogPluginManager: Mounting plugin MagicLeapPassableWorld
LogPluginManager: Mounting plugin ChaosNiagara
LogPluginManager: Mounting plugin ChaosSolverPlugin
LogPluginManager: Mounting plugin MLSDK
LogPluginManager: Mounting plugin CharacterAI
LogPluginManager: Mounting plugin GeometryCache
LogPluginManager: Mounting plugin GeometryCollectionPlugin
LogPluginManager: Mounting plugin GeometryProcessing
LogPluginManager: Mounting plugin AndroidMedia
LogPluginManager: Mounting plugin AvfMedia
LogPluginManager: Mounting plugin ImgMedia
LogPluginManager: Mounting plugin MediaCompositing
LogPluginManager: Mounting plugin MotoSynth
LogPluginManager: Mounting plugin MediaPlayerEditor
LogPluginManager: Mounting plugin OpenImageDenoise
LogPluginManager: Mounting plugin WebMMedia
LogPluginManager: Mounting plugin WmfMedia
LogPluginManager: Mounting plugin PlanarCut
LogPluginManager: Mounting plugin PlatformCrypto
LogPluginManager: Mounting plugin ProxyLODPlugin
LogPluginManager: Mounting plugin PythonScriptPlugin
LogPluginManager: Mounting plugin SkeletalReduction
LogPluginManager: Mounting plugin TcpMessaging
LogPluginManager: Mounting plugin UdpMessaging
LogPluginManager: Mounting plugin ActorSequence
LogPluginManager: Mounting plugin LevelSequenceEditor
LogPluginManager: Mounting plugin MatineeToLevelSequence
LogPluginManager: Mounting plugin TemplateSequence
LogPluginManager: Mounting plugin OnlineSubsystem
LogPluginManager: Mounting plugin OnlineSubsystemNull
LogPluginManager: Mounting plugin OnlineSubsystemUtils
LogPluginManager: Mounting plugin LauncherChunkInstaller
LogPluginManager: Mounting plugin ActorLayerUtilities
LogPluginManager: Mounting plugin AndroidDeviceProfileSelector
LogPluginManager: Mounting plugin AndroidMoviePlayer
LogPluginManager: Mounting plugin AndroidPermission
LogPluginManager: Mounting plugin AppleImageUtils
LogPluginManager: Mounting plugin AppleMoviePlayer
LogPluginManager: Mounting plugin ArchVisCharacter
LogPluginManager: Mounting plugin AssetTags
LogPluginManager: Mounting plugin AudioCapture
LogPluginManager: Mounting plugin AudioSynesthesia
LogPluginManager: Mounting plugin CableComponent
LogPluginManager: Mounting plugin ChunkDownloader
LogPluginManager: Mounting plugin CustomMeshComponent
LogPluginManager: Mounting plugin EditableMesh
LogPluginManager: Mounting plugin ExampleDeviceProfileSelector
LogPluginManager: Mounting plugin GoogleCloudMessaging
LogPluginManager: Mounting plugin GooglePAD
LogPluginManager: Mounting plugin IOSDeviceProfileSelector
LogPluginManager: Mounting plugin LinuxDeviceProfileSelector
LogPluginManager: Mounting plugin LocationServicesBPLibrary
LogPluginManager: Mounting plugin MobilePatchingUtils
LogPluginManager: Mounting plugin OpenXR
LogPluginManager: Mounting plugin OpenXREyeTracker
LogPluginManager: Mounting plugin OpenXRHandTracking
LogPluginManager: Mounting plugin PhysXVehicles
LogPluginManager: Mounting plugin ScreenshotTools
LogPluginManager: Mounting plugin PostSplashScreen
LogPluginManager: Mounting plugin ProceduralMeshComponent
LogPluginManager: Mounting plugin PropertyAccessEditor
LogPluginManager: Mounting plugin RuntimePhysXCooking
LogPluginManager: Mounting plugin SignificanceManager
LogPluginManager: Mounting plugin SoundFields
LogPluginManager: Mounting plugin Synthesis
LogPluginManager: Mounting plugin Takes
LogPluginManager: Mounting plugin WebMMoviePlayer
LogPluginManager: Mounting plugin WindowsMoviePlayer
LogPluginManager: Mounting plugin ContentBrowserAssetDataSource
LogPluginManager: Mounting plugin ContentBrowserClassDataSource
LogPluginManager: Mounting plugin ContentBrowserFileDataSource
LogPluginManager: Mounting plugin OnlineSubsystemIOS
LogPluginManager: Mounting plugin OnlineSubsystemGooglePlay
LogPluginManager: Mounting plugin OculusVR
LogPluginManager: Mounting plugin SteamVR
PixWinPlugin: PIX capture plugin failed to initialize! Check that the process is launched from PIX.
LogInit: Using libcurl 7.55.1-DEV
LogInit:  - built for x86_64-pc-win32
LogInit:  - supports SSL with OpenSSL/1.1.1
LogInit:  - supports HTTP deflate (compression) using libz 1.2.8
LogInit:  - other features:
LogInit:      CURL_VERSION_SSL
LogInit:      CURL_VERSION_LIBZ
LogInit:      CURL_VERSION_IPV6
LogInit:      CURL_VERSION_ASYNCHDNS
LogInit:      CURL_VERSION_LARGEFILE
LogInit:      CURL_VERSION_IDN
LogInit:  CurlRequestOptions (configurable via config and command line):
LogInit:  - bVerifyPeer = true  - Libcurl will verify peer certificate
LogInit:  - bUseHttpProxy = false  - Libcurl will NOT use HTTP proxy
LogInit:  - bDontReuseConnections = false  - Libcurl will reuse connections
LogInit:  - MaxHostConnections = 16  - Libcurl will limit the number of connections to a host
LogInit:  - LocalHostAddr = Default
LogInit:  - BufferSize = 65536
LogOnline: OSS: Creating online subsystem instance for: NULL
LogInit: WinSock: version 1.1 (2.2), MaxSocks=32767, MaxUdp=65467
LogOnline: OSS: TryLoadSubsystemAndSetDefault: Loaded subsystem for module [NULL]
LogOculusPluginWrapper: OculusPlugin initialized successfully
LogHMD: Failed initializing OVRPlugin 1.59.0
LogInit: Build: ++UE4+Release-4.27-CL-18319896
LogInit: Engine Version: 4.27.2-18319896+++UE4+Release-4.27
LogInit: Compatible Engine Version: 4.27.0-17155196+++UE4+Release-4.27
LogInit: Net CL: 17155196
LogInit: OS: Windows 10 (Release 1903) (), CPU: Intel(R) Core(TM) i5-7200U CPU @ 2.50GHz, GPU: Intel(R) HD Graphics 620
LogInit: Compiled (64-bit): Nov 30 2021 07:12:08
LogInit: Compiled with Visual C++: 19.24.28315.00
LogInit: Build Configuration: Development
LogInit: Branch Name: ++UE4+Release-4.27
LogInit: Command Line: 
LogInit: Base Directory: G:/programmi/UE_4.27/Engine/Binaries/Win64/
LogInit: Allocator: TBB
LogInit: Installed Engine Build: 1
LogDevObjectVersion: Number of dev versions registered: 29
LogDevObjectVersion:   Dev-Blueprints (B0D832E4-1F89-4F0D-ACCF-7EB736FD4AA2): 10
LogDevObjectVersion:   Dev-Build (E1C64328-A22C-4D53-A36C-8E866417BD8C): 0
LogDevObjectVersion:   Dev-Core (375EC13C-06E4-48FB-B500-84F0262A717E): 4
LogDevObjectVersion:   Dev-Editor (E4B068ED-F494-42E9-A231-DA0B2E46BB41): 40
LogDevObjectVersion:   Dev-Framework (CFFC743F-43B0-4480-9391-14DF171D2073): 37
LogDevObjectVersion:   Dev-Mobile (B02B49B5-BB20-44E9-A304-32B752E40360): 3
LogDevObjectVersion:   Dev-Networking (A4E4105C-59A1-49B5-A7C5-40C4547EDFEE): 0
LogDevObjectVersion:   Dev-Online (39C831C9-5AE6-47DC-9A44-9C173E1C8E7C): 0
LogDevObjectVersion:   Dev-Physics (78F01B33-EBEA-4F98-B9B4-84EACCB95AA2): 14
LogDevObjectVersion:   Dev-Platform (6631380F-2D4D-43E0-8009-CF276956A95A): 0
LogDevObjectVersion:   Dev-Rendering (12F88B9F-8875-4AFC-A67C-D90C383ABD29): 45
LogDevObjectVersion:   Dev-Sequencer (7B5AE74C-D270-4C10-A958-57980B212A5A): 13
LogDevObjectVersion:   Dev-VR (D7296918-1DD6-4BDD-9DE2-64A83CC13884): 3
LogDevObjectVersion:   Dev-LoadTimes (C2A15278-BFE7-4AFE-6C17-90FF531DF755): 1
LogDevObjectVersion:   Private-Geometry (6EACA3D4-40EC-4CC1-B786-8BED09428FC5): 3
LogDevObjectVersion:   Dev-AnimPhys (29E575DD-E0A3-4627-9D10-D276232CDCEA): 17
LogDevObjectVersion:   Dev-Anim (AF43A65D-7FD3-4947-9873-3E8ED9C1BB05): 15
LogDevObjectVersion:   Dev-ReflectionCapture (6B266CEC-1EC7-4B8F-A30B-E4D90942FC07): 1
LogDevObjectVersion:   Dev-Automation (0DF73D61-A23F-47EA-B727-89E90C41499A): 1
LogDevObjectVersion:   FortniteMain (601D1886-AC64-4F84-AA16-D3DE0DEAC7D6): 47
LogDevObjectVersion:   FortniteRelease (E7086368-6B23-4C58-8439-1B7016265E91): 1
LogDevObjectVersion:   Dev-Enterprise (9DFFBCD6-494F-0158-E221-12823C92A888): 10
LogDevObjectVersion:   Dev-Niagara (F2AED0AC-9AFE-416F-8664-AA7FFA26D6FC): 1
LogDevObjectVersion:   Dev-Destruction (174F1F0B-B4C6-45A5-B13F-2EE8D0FB917D): 10
LogDevObjectVersion:   Dev-Physics-Ext (35F94A83-E258-406C-A318-09F59610247C): 41
LogDevObjectVersion:   Dev-PhysicsMaterial-Chaos (B68FC16E-8B1B-42E2-B453-215C058844FE): 1
LogDevObjectVersion:   Dev-CineCamera (B2E18506-4273-CFC2-A54E-F4BB758BBA07): 1
LogDevObjectVersion:   Dev-VirtualProduction (64F58936-FD1B-42BA-BA96-7289D5D0FA4E): 1
LogDevObjectVersion:   Dev-MediaFramework (6F0ED827-A609-4895-9C91-998D90180EA4): 2
LogInit: Presizing for max 25165824 objects, including 0 objects not considered by GC, pre-allocating 0 bytes for permanent pool.
LogConfig: Applying CVar settings from Section [/Script/Engine.StreamingSettings] File [G:/папки/проэкты программирования/Unreal projects/collisions/Saved/Config/Windows/Engine.ini]
LogConfig: Setting CVar [[s.MinBulkDataSizeForAsyncLoading:131072]]
LogConfig: Setting CVar [[s.AsyncLoadingThreadEnabled:0]]
LogConfig: Setting CVar [[s.EventDrivenLoaderEnabled:1]]
LogConfig: Setting CVar [[s.WarnIfTimeLimitExceeded:0]]
LogConfig: Setting CVar [[s.TimeLimitExceededMultiplier:1.5]]
LogConfig: Setting CVar [[s.TimeLimitExceededMinTime:0.005]]
LogConfig: Setting CVar [[s.UseBackgroundLevelStreaming:1]]
LogConfig: Setting CVar [[s.PriorityAsyncLoadingExtraTime:15.0]]
LogConfig: Setting CVar [[s.LevelStreamingActorsUpdateTimeLimit:5.0]]
LogConfig: Setting CVar [[s.PriorityLevelStreamingActorsUpdateExtraTime:5.0]]
LogConfig: Setting CVar [[s.LevelStreamingComponentsRegistrationGranularity:10]]
LogConfig: Setting CVar [[s.UnregisterComponentsTimeLimit:1.0]]
LogConfig: Setting CVar [[s.LevelStreamingComponentsUnregistrationGranularity:5]]
LogConfig: Setting CVar [[s.FlushStreamingOnExit:1]]
LogInit: Object subsystem initialized
LogConfig: Setting CVar [[con.DebugEarlyDefault:1]]
LogConfig: Setting CVar [[r.setres:1280x720]]
[2022.06.15-15.54.03:461][  0]LogConfig: Setting CVar [[r.VSync:0]]
[2022.06.15-15.54.03:461][  0]LogConfig: Setting CVar [[r.RHICmdBypass:0]]
[2022.06.15-15.54.03:461][  0]LogConfig: Applying CVar settings from Section [/Script/Engine.RendererSettings] File [G:/папки/проэкты программирования/Unreal projects/collisions/Saved/Config/Windows/Engine.ini]
[2022.06.15-15.54.03:461][  0]LogConfig: Setting CVar [[r.GPUCrashDebugging:0]]
[2022.06.15-15.54.03:461][  0]LogConfig: Applying CVar settings from Section [/Script/Engine.RendererOverrideSettings] File [G:/папки/проэкты программирования/Unreal projects/collisions/Saved/Config/Windows/Engine.ini]
[2022.06.15-15.54.03:461][  0]LogConfig: Applying CVar settings from Section [/Script/Engine.StreamingSettings] File [G:/папки/проэкты программирования/Unreal projects/collisions/Saved/Config/Windows/Engine.ini]
[2022.06.15-15.54.03:461][  0]LogConfig: Setting CVar [[s.MinBulkDataSizeForAsyncLoading:131072]]
[2022.06.15-15.54.03:461][  0]LogConfig: Setting CVar [[s.AsyncLoadingThreadEnabled:0]]
[2022.06.15-15.54.03:461][  0]LogConfig: Setting CVar [[s.EventDrivenLoaderEnabled:1]]
[2022.06.15-15.54.03:461][  0]LogConfig: Setting CVar [[s.WarnIfTimeLimitExceeded:0]]
[2022.06.15-15.54.03:461][  0]LogConfig: Setting CVar [[s.TimeLimitExceededMultiplier:1.5]]
[2022.06.15-15.54.03:461][  0]LogConfig: Setting CVar [[s.TimeLimitExceededMinTime:0.005]]
[2022.06.15-15.54.03:461][  0]LogConfig: Setting CVar [[s.UseBackgroundLevelStreaming:1]]
[2022.06.15-15.54.03:461][  0]LogConfig: Setting CVar [[s.PriorityAsyncLoadingExtraTime:15.0]]
[2022.06.15-15.54.03:461][  0]LogConfig: Setting CVar [[s.LevelStreamingActorsUpdateTimeLimit:5.0]]
[2022.06.15-15.54.03:461][  0]LogConfig: Setting CVar [[s.PriorityLevelStreamingActorsUpdateExtraTime:5.0]]
[2022.06.15-15.54.03:461][  0]LogConfig: Setting CVar [[s.LevelStreamingComponentsRegistrationGranularity:10]]
[2022.06.15-15.54.03:461][  0]LogConfig: Setting CVar [[s.UnregisterComponentsTimeLimit:1.0]]
[2022.06.15-15.54.03:461][  0]LogConfig: Setting CVar [[s.LevelStreamingComponentsUnregistrationGranularity:5]]
[2022.06.15-15.54.03:461][  0]LogConfig: Setting CVar [[s.FlushStreamingOnExit:1]]
[2022.06.15-15.54.03:461][  0]LogConfig: Applying CVar settings from Section [/Script/Engine.GarbageCollectionSettings] File [G:/папки/проэкты программирования/Unreal projects/collisions/Saved/Config/Windows/Engine.ini]
[2022.06.15-15.54.03:461][  0]LogConfig: Setting CVar [[gc.MaxObjectsNotConsideredByGC:1]]
[2022.06.15-15.54.03:461][  0]LogConfig: Setting CVar [[gc.SizeOfPermanentObjectPool:0]]
[2022.06.15-15.54.03:461][  0]LogConfig: Setting CVar [[gc.FlushStreamingOnGC:0]]
[2022.06.15-15.54.03:461][  0]LogConfig: Setting CVar [[gc.NumRetriesBeforeForcingGC:10]]
[2022.06.15-15.54.03:461][  0]LogConfig: Setting CVar [[gc.AllowParallelGC:1]]
[2022.06.15-15.54.03:461][  0]LogConfig: Setting CVar [[gc.TimeBetweenPurgingPendingKillObjects:61.1]]
[2022.06.15-15.54.03:461][  0]LogConfig: Setting CVar [[gc.MaxObjectsInEditor:25165824]]
[2022.06.15-15.54.03:462][  0]LogConfig: Setting CVar [[gc.IncrementalBeginDestroyEnabled:1]]
[2022.06.15-15.54.03:462][  0]LogConfig: Setting CVar [[gc.CreateGCClusters:1]]
[2022.06.15-15.54.03:462][  0]LogConfig: Setting CVar [[gc.MinGCClusterSize:5]]
[2022.06.15-15.54.03:462][  0]LogConfig: Setting CVar [[gc.ActorClusteringEnabled:0]]
[2022.06.15-15.54.03:462][  0]LogConfig: Setting CVar [[gc.BlueprintClusteringEnabled:0]]
[2022.06.15-15.54.03:462][  0]LogConfig: Setting CVar [[gc.UseDisregardForGCOnDedicatedServers:0]]
[2022.06.15-15.54.03:462][  0]LogConfig: Setting CVar [[gc.MultithreadedDestructionEnabled:1]]
[2022.06.15-15.54.03:462][  0]LogConfig: Applying CVar settings from Section [/Script/Engine.NetworkSettings] File [G:/папки/проэкты программирования/Unreal projects/collisions/Saved/Config/Windows/Engine.ini]
[2022.06.15-15.54.03:462][  0]LogConfig: Applying CVar settings from Section [/Script/UnrealEd.CookerSettings] File [G:/папки/проэкты программирования/Unreal projects/collisions/Saved/Config/Windows/Engine.ini]
[2022.06.15-15.54.03:470][  0]LogConfig: Applying CVar settings from Section [ViewDistanceQuality@3] File [G:/папки/проэкты программирования/Unreal projects/collisions/Saved/Config/Windows/Scalability.ini]
[2022.06.15-15.54.03:470][  0]LogConfig: Setting CVar [[r.SkeletalMeshLODBias:0]]
[2022.06.15-15.54.03:470][  0]LogConfig: Setting CVar [[r.ViewDistanceScale:1.0]]
[2022.06.15-15.54.03:470][  0]LogConfig: Applying CVar settings from Section [AntiAliasingQuality@3] File [G:/папки/проэкты программирования/Unreal projects/collisions/Saved/Config/Windows/Scalability.ini]
[2022.06.15-15.54.03:470][  0]LogConfig: Setting CVar [[r.PostProcessAAQuality:4]]
[2022.06.15-15.54.03:470][  0]LogConfig: Applying CVar settings from Section [ShadowQuality@3] File [G:/папки/проэкты программирования/Unreal projects/collisions/Saved/Config/Windows/Scalability.ini]
[2022.06.15-15.54.03:470][  0]LogConfig: Setting CVar [[r.LightFunctionQuality:1]]
[2022.06.15-15.54.03:470][  0]LogConfig: Setting CVar [[r.ShadowQuality:5]]
[2022.06.15-15.54.03:470][  0]LogConfig: Setting CVar [[r.Shadow.CSM.MaxCascades:10]]
[2022.06.15-15.54.03:470][  0]LogConfig: Setting CVar [[r.Shadow.MaxResolution:2048]]
[2022.06.15-15.54.03:470][  0]LogConfig: Setting CVar [[r.Shadow.MaxCSMResolution:2048]]
[2022.06.15-15.54.03:470][  0]LogConfig: Setting CVar [[r.Shadow.RadiusThreshold:0.01]]
[2022.06.15-15.54.03:470][  0]LogConfig: Setting CVar [[r.Shadow.DistanceScale:1.0]]
[2022.06.15-15.54.03:470][  0]LogConfig: Setting CVar [[r.Shadow.CSM.TransitionScale:1.0]]
[2022.06.15-15.54.03:470][  0]LogConfig: Setting CVar [[r.Shadow.PreShadowResolutionFactor:1.0]]
[2022.06.15-15.54.03:470][  0]LogConfig: Setting CVar [[r.DistanceFieldShadowing:1]]
[2022.06.15-15.54.03:470][  0]LogConfig: Setting CVar [[r.DistanceFieldAO:1]]
[2022.06.15-15.54.03:470][  0]LogConfig: Setting CVar [[r.AOQuality:2]]
[2022.06.15-15.54.03:470][  0]LogConfig: Setting CVar [[r.VolumetricFog:1]]
[2022.06.15-15.54.03:470][  0]LogConfig: Setting CVar [[r.VolumetricFog.GridPixelSize:8]]
[2022.06.15-15.54.03:470][  0]LogConfig: Setting CVar [[r.VolumetricFog.GridSizeZ:128]]
[2022.06.15-15.54.03:470][  0]LogConfig: Setting CVar [[r.VolumetricFog.HistoryMissSupersampleCount:4]]
[2022.06.15-15.54.03:470][  0]LogConfig: Setting CVar [[r.LightMaxDrawDistanceScale:1]]
[2022.06.15-15.54.03:470][  0]LogConfig: Setting CVar [[r.CapsuleShadows:1]]
[2022.06.15-15.54.03:470][  0]LogConfig: Applying CVar settings from Section [PostProcessQuality@3] File [G:/папки/проэкты программирования/Unreal projects/collisions/Saved/Config/Windows/Scalability.ini]
[2022.06.15-15.54.03:470][  0]LogConfig: Setting CVar [[r.MotionBlurQuality:4]]
[2022.06.15-15.54.03:470][  0]LogConfig: Setting CVar [[r.AmbientOcclusionMipLevelFactor:0.4]]
[2022.06.15-15.54.03:470][  0]LogConfig: Setting CVar [[r.AmbientOcclusionMaxQuality:100]]
[2022.06.15-15.54.03:470][  0]LogConfig: Setting CVar [[r.AmbientOcclusionLevels:-1]]
[2022.06.15-15.54.03:470][  0]LogConfig: Setting CVar [[r.AmbientOcclusionRadiusScale:1.0]]
[2022.06.15-15.54.03:471][  0]LogConfig: Setting CVar [[r.DepthOfFieldQuality:2]]
[2022.06.15-15.54.03:471][  0]LogConfig: Setting CVar [[r.RenderTargetPoolMin:400]]
[2022.06.15-15.54.03:471][  0]LogConfig: Setting CVar [[r.LensFlareQuality:2]]
[2022.06.15-15.54.03:471][  0]LogConfig: Setting CVar [[r.SceneColorFringeQuality:1]]
[2022.06.15-15.54.03:471][  0]LogConfig: Setting CVar [[r.EyeAdaptationQuality:2]]
[2022.06.15-15.54.03:471][  0]LogConfig: Setting CVar [[r.BloomQuality:5]]
[2022.06.15-15.54.03:471][  0]LogConfig: Setting CVar [[r.FastBlurThreshold:100]]
[2022.06.15-15.54.03:471][  0]LogConfig: Setting CVar [[r.Upscale.Quality:3]]
[2022.06.15-15.54.03:471][  0]LogConfig: Setting CVar [[r.Tonemapper.GrainQuantization:1]]
[2022.06.15-15.54.03:471][  0]LogConfig: Setting CVar [[r.LightShaftQuality:1]]
[2022.06.15-15.54.03:471][  0]LogConfig: Setting CVar [[r.Filter.SizeScale:1]]
[2022.06.15-15.54.03:471][  0]LogConfig: Setting CVar [[r.Tonemapper.Quality:5]]
[2022.06.15-15.54.03:471][  0]LogConfig: Setting CVar [[r.DOF.Gather.AccumulatorQuality:1        ; higher gathering accumulator quality]]
[2022.06.15-15.54.03:471][  0]LogConfig: Setting CVar [[r.DOF.Gather.PostfilterMethod:1          ; Median3x3 postfilering method]]
[2022.06.15-15.54.03:471][  0]LogConfig: Setting CVar [[r.DOF.Gather.EnableBokehSettings:0       ; no bokeh simulation when gathering]]
[2022.06.15-15.54.03:471][  0]LogConfig: Setting CVar [[r.DOF.Gather.RingCount:4                 ; medium number of samples when gathering]]
[2022.06.15-15.54.03:471][  0]LogConfig: Setting CVar [[r.DOF.Scatter.ForegroundCompositing:1    ; additive foreground scattering]]
[2022.06.15-15.54.03:471][  0]LogConfig: Setting CVar [[r.DOF.Scatter.BackgroundCompositing:2    ; additive background scattering]]
[2022.06.15-15.54.03:471][  0]LogConfig: Setting CVar [[r.DOF.Scatter.EnableBokehSettings:1      ; bokeh simulation when scattering]]
[2022.06.15-15.54.03:471][  0]LogConfig: Setting CVar [[r.DOF.Scatter.MaxSpriteRatio:0.1         ; only a maximum of 10% of scattered bokeh]]
[2022.06.15-15.54.03:471][  0]LogConfig: Setting CVar [[r.DOF.Recombine.Quality:1                ; cheap slight out of focus]]
[2022.06.15-15.54.03:471][  0]LogConfig: Setting CVar [[r.DOF.Recombine.EnableBokehSettings:0    ; no bokeh simulation on slight out of focus]]
[2022.06.15-15.54.03:471][  0]LogConfig: Setting CVar [[r.DOF.TemporalAAQuality:1                ; more stable temporal accumulation]]
[2022.06.15-15.54.03:471][  0]LogConfig: Setting CVar [[r.DOF.Kernel.MaxForegroundRadius:0.025]]
[2022.06.15-15.54.03:471][  0]LogConfig: Setting CVar [[r.DOF.Kernel.MaxBackgroundRadius:0.025]]
[2022.06.15-15.54.03:471][  0]LogConfig: Applying CVar settings from Section [TextureQuality@3] File [G:/папки/проэкты программирования/Unreal projects/collisions/Saved/Config/Windows/Scalability.ini]
[2022.06.15-15.54.03:471][  0]LogConfig: Setting CVar [[r.Streaming.MipBias:0]]
[2022.06.15-15.54.03:471][  0]LogConfig: Setting CVar [[r.Streaming.AmortizeCPUToGPUCopy:0]]
[2022.06.15-15.54.03:471][  0]LogConfig: Setting CVar [[r.Streaming.MaxNumTexturesToStreamPerFrame:0]]
[2022.06.15-15.54.03:471][  0]LogConfig: Setting CVar [[r.Streaming.Boost:1]]
[2022.06.15-15.54.03:471][  0]LogConfig: Setting CVar [[r.MaxAnisotropy:8]]
[2022.06.15-15.54.03:471][  0]LogConfig: Setting CVar [[r.VT.MaxAnisotropy:8]]
[2022.06.15-15.54.03:471][  0]LogConfig: Setting CVar [[r.Streaming.LimitPoolSizeToVRAM:0]]
[2022.06.15-15.54.03:471][  0]LogConfig: Setting CVar [[r.Streaming.PoolSize:1000]]
[2022.06.15-15.54.03:471][  0]LogConfig: Setting CVar [[r.Streaming.MaxEffectiveScreenSize:0]]
[2022.06.15-15.54.03:471][  0]LogConfig: Applying CVar settings from Section [EffectsQuality@3] File [G:/папки/проэкты программирования/Unreal projects/collisions/Saved/Config/Windows/Scalability.ini]
[2022.06.15-15.54.03:471][  0]LogConfig: Setting CVar [[r.TranslucencyLightingVolumeDim:64]]
[2022.06.15-15.54.03:471][  0]LogConfig: Setting CVar [[r.RefractionQuality:2]]
[2022.06.15-15.54.03:472][  0]LogConfig: Setting CVar [[r.SSR.Quality:3]]
[2022.06.15-15.54.03:472][  0]LogConfig: Setting CVar [[r.SSR.HalfResSceneColor:0]]
[2022.06.15-15.54.03:472][  0]LogConfig: Setting CVar [[r.SceneColorFormat:4]]
[2022.06.15-15.54.03:472][  0]LogConfig: Setting CVar [[r.DetailMode:2]]
[2022.06.15-15.54.03:472][  0]LogConfig: Setting CVar [[r.TranslucencyVolumeBlur:1]]
[2022.06.15-15.54.03:472][  0]LogConfig: Setting CVar [[r.MaterialQualityLevel:1 ; High quality]]
[2022.06.15-15.54.03:472][  0]LogConfig: Setting CVar [[r.AnisotropicMaterials:1]]
[2022.06.15-15.54.03:472][  0]LogConfig: Setting CVar [[r.SSS.Scale:1]]
[2022.06.15-15.54.03:472][  0]LogConfig: Setting CVar [[r.SSS.SampleSet:2]]
[2022.06.15-15.54.03:472][  0]LogConfig: Setting CVar [[r.SSS.Quality:1]]
[2022.06.15-15.54.03:472][  0]LogConfig: Setting CVar [[r.SSS.HalfRes:0]]
[2022.06.15-15.54.03:472][  0]LogConfig: Setting CVar [[r.SSGI.Quality:3]]
[2022.06.15-15.54.03:472][  0]LogConfig: Setting CVar [[r.EmitterSpawnRateScale:1.0]]
[2022.06.15-15.54.03:472][  0]LogConfig: Setting CVar [[r.ParticleLightQuality:2]]
[2022.06.15-15.54.03:472][  0]LogConfig: Setting CVar [[r.SkyAtmosphere.AerialPerspectiveLUT.FastApplyOnOpaque:1 ; Always have FastSkyLUT 1 in this case to avoid wrong sky]]
[2022.06.15-15.54.03:472][  0]LogConfig: Setting CVar [[r.SkyAtmosphere.AerialPerspectiveLUT.SampleCountMaxPerSlice:4]]
[2022.06.15-15.54.03:472][  0]LogConfig: Setting CVar [[r.SkyAtmosphere.AerialPerspectiveLUT.DepthResolution:16.0]]
[2022.06.15-15.54.03:472][  0]LogConfig: Setting CVar [[r.SkyAtmosphere.FastSkyLUT:1]]
[2022.06.15-15.54.03:472][  0]LogConfig: Setting CVar [[r.SkyAtmosphere.FastSkyLUT.SampleCountMin:4.0]]
[2022.06.15-15.54.03:472][  0]LogConfig: Setting CVar [[r.SkyAtmosphere.FastSkyLUT.SampleCountMax:128.0]]
[2022.06.15-15.54.03:472][  0]LogConfig: Setting CVar [[r.SkyAtmosphere.SampleCountMin:4.0]]
[2022.06.15-15.54.03:472][  0]LogConfig: Setting CVar [[r.SkyAtmosphere.SampleCountMax:128.0]]
[2022.06.15-15.54.03:472][  0]LogConfig: Setting CVar [[r.SkyAtmosphere.TransmittanceLUT.UseSmallFormat:0]]
[2022.06.15-15.54.03:472][  0]LogConfig: Setting CVar [[r.SkyAtmosphere.TransmittanceLUT.SampleCount:10.0]]
[2022.06.15-15.54.03:472][  0]LogConfig: Setting CVar [[r.SkyAtmosphere.MultiScatteringLUT.SampleCount:15.0]]
[2022.06.15-15.54.03:472][  0]LogConfig: Setting CVar [[r.SkyLight.RealTimeReflectionCapture:1]]
[2022.06.15-15.54.03:472][  0]LogConfig: Applying CVar settings from Section [FoliageQuality@3] File [G:/папки/проэкты программирования/Unreal projects/collisions/Saved/Config/Windows/Scalability.ini]
[2022.06.15-15.54.03:472][  0]LogConfig: Setting CVar [[foliage.DensityScale:1.0]]
[2022.06.15-15.54.03:472][  0]LogConfig: Setting CVar [[grass.DensityScale:1.0]]
[2022.06.15-15.54.03:472][  0]LogConfig: Applying CVar settings from Section [ShadingQuality@3] File [G:/папки/проэкты программирования/Unreal projects/collisions/Saved/Config/Windows/Scalability.ini]
[2022.06.15-15.54.03:472][  0]LogConfig: Setting CVar [[r.HairStrands.SkyLighting.IntegrationType:2]]
[2022.06.15-15.54.03:472][  0]LogConfig: Setting CVar [[r.HairStrands.SkyAO.SampleCount:4]]
[2022.06.15-15.54.03:472][  0]LogConfig: Setting CVar [[r.HairStrands.Visibility.MSAA.SamplePerPixel:4]]
[2022.06.15-15.54.03:472][  0]LogInit: Selected Device Profile: [Windows]
[2022.06.15-15.54.03:473][  0]LogInit: Applying CVar settings loaded from the selected device profile: [Windows]
[2022.06.15-15.54.03:473][  0]LogHAL: Display: Platform has ~ 16 GB [17041694720 / 17179869184 / 16], which maps to Larger [LargestMinGB=32, LargerMinGB=12, DefaultMinGB=8, SmallerMinGB=6, SmallestMinGB=0)
[2022.06.15-15.54.03:473][  0]LogInit: Going up to parent DeviceProfile []
[2022.06.15-15.54.03:473][  0]LogConfig: Applying CVar settings from Section [ViewDistanceQuality@3] File [G:/папки/проэкты программирования/Unreal projects/collisions/Saved/Config/Windows/Scalability.ini]
[2022.06.15-15.54.03:473][  0]LogConfig: Setting CVar [[r.SkeletalMeshLODBias:0]]
[2022.06.15-15.54.03:473][  0]LogConfig: Setting CVar [[r.ViewDistanceScale:1.0]]
[2022.06.15-15.54.03:473][  0]LogConfig: Applying CVar settings from Section [AntiAliasingQuality@3] File [G:/папки/проэкты программирования/Unreal projects/collisions/Saved/Config/Windows/Scalability.ini]
[2022.06.15-15.54.03:473][  0]LogConfig: Setting CVar [[r.PostProcessAAQuality:4]]
[2022.06.15-15.54.03:473][  0]LogConfig: Applying CVar settings from Section [ShadowQuality@3] File [G:/папки/проэкты программирования/Unreal projects/collisions/Saved/Config/Windows/Scalability.ini]
[2022.06.15-15.54.03:473][  0]LogConfig: Setting CVar [[r.LightFunctionQuality:1]]
[2022.06.15-15.54.03:473][  0]LogConfig: Setting CVar [[r.ShadowQuality:5]]
[2022.06.15-15.54.03:473][  0]LogConfig: Setting CVar [[r.Shadow.CSM.MaxCascades:10]]
[2022.06.15-15.54.03:473][  0]LogConfig: Setting CVar [[r.Shadow.MaxResolution:2048]]
[2022.06.15-15.54.03:473][  0]LogConfig: Setting CVar [[r.Shadow.MaxCSMResolution:2048]]
[2022.06.15-15.54.03:473][  0]LogConfig: Setting CVar [[r.Shadow.RadiusThreshold:0.01]]
[2022.06.15-15.54.03:473][  0]LogConfig: Setting CVar [[r.Shadow.DistanceScale:1.0]]
[2022.06.15-15.54.03:473][  0]LogConfig: Setting CVar [[r.Shadow.CSM.TransitionScale:1.0]]
[2022.06.15-15.54.03:473][  0]LogConfig: Setting CVar [[r.Shadow.PreShadowResolutionFactor:1.0]]
[2022.06.15-15.54.03:473][  0]LogConfig: Setting CVar [[r.DistanceFieldShadowing:1]]
[2022.06.15-15.54.03:473][  0]LogConfig: Setting CVar [[r.DistanceFieldAO:1]]
[2022.06.15-15.54.03:473][  0]LogConfig: Setting CVar [[r.AOQuality:2]]
[2022.06.15-15.54.03:473][  0]LogConfig: Setting CVar [[r.VolumetricFog:1]]
[2022.06.15-15.54.03:473][  0]LogConfig: Setting CVar [[r.VolumetricFog.GridPixelSize:8]]
[2022.06.15-15.54.03:473][  0]LogConfig: Setting CVar [[r.VolumetricFog.GridSizeZ:128]]
[2022.06.15-15.54.03:473][  0]LogConfig: Setting CVar [[r.VolumetricFog.HistoryMissSupersampleCount:4]]
[2022.06.15-15.54.03:473][  0]LogConfig: Setting CVar [[r.LightMaxDrawDistanceScale:1]]
[2022.06.15-15.54.03:473][  0]LogConfig: Setting CVar [[r.CapsuleShadows:1]]
[2022.06.15-15.54.03:473][  0]LogConfig: Applying CVar settings from Section [PostProcessQuality@3] File [G:/папки/проэкты программирования/Unreal projects/collisions/Saved/Config/Windows/Scalability.ini]
[2022.06.15-15.54.03:473][  0]LogConfig: Setting CVar [[r.MotionBlurQuality:4]]
[2022.06.15-15.54.03:473][  0]LogConfig: Setting CVar [[r.AmbientOcclusionMipLevelFactor:0.4]]
[2022.06.15-15.54.03:473][  0]LogConfig: Setting CVar [[r.AmbientOcclusionMaxQuality:100]]
[2022.06.15-15.54.03:473][  0]LogConfig: Setting CVar [[r.AmbientOcclusionLevels:-1]]
[2022.06.15-15.54.03:473][  0]LogConfig: Setting CVar [[r.AmbientOcclusionRadiusScale:1.0]]
[2022.06.15-15.54.03:473][  0]LogConfig: Setting CVar [[r.DepthOfFieldQuality:2]]
[2022.06.15-15.54.03:473][  0]LogConfig: Setting CVar [[r.RenderTargetPoolMin:400]]
[2022.06.15-15.54.03:473][  0]LogConfig: Setting CVar [[r.LensFlareQuality:2]]
[2022.06.15-15.54.03:473][  0]LogConfig: Setting CVar [[r.SceneColorFringeQuality:1]]
[2022.06.15-15.54.03:473][  0]LogConfig: Setting CVar [[r.EyeAdaptationQuality:2]]
[2022.06.15-15.54.03:473][  0]LogConfig: Setting CVar [[r.BloomQuality:5]]
[2022.06.15-15.54.03:474][  0]LogConfig: Setting CVar [[r.FastBlurThreshold:100]]
[2022.06.15-15.54.03:474][  0]LogConfig: Setting CVar [[r.Upscale.Quality:3]]
[2022.06.15-15.54.03:474][  0]LogConfig: Setting CVar [[r.Tonemapper.GrainQuantization:1]]
[2022.06.15-15.54.03:474][  0]LogConfig: Setting CVar [[r.LightShaftQuality:1]]
[2022.06.15-15.54.03:474][  0]LogConfig: Setting CVar [[r.Filter.SizeScale:1]]
[2022.06.15-15.54.03:474][  0]LogConfig: Setting CVar [[r.Tonemapper.Quality:5]]
[2022.06.15-15.54.03:474][  0]LogConfig: Setting CVar [[r.DOF.Gather.AccumulatorQuality:1        ; higher gathering accumulator quality]]
[2022.06.15-15.54.03:474][  0]LogConfig: Setting CVar [[r.DOF.Gather.PostfilterMethod:1          ; Median3x3 postfilering method]]
[2022.06.15-15.54.03:474][  0]LogConfig: Setting CVar [[r.DOF.Gather.EnableBokehSettings:0       ; no bokeh simulation when gathering]]
[2022.06.15-15.54.03:474][  0]LogConfig: Setting CVar [[r.DOF.Gather.RingCount:4                 ; medium number of samples when gathering]]
[2022.06.15-15.54.03:474][  0]LogConfig: Setting CVar [[r.DOF.Scatter.ForegroundCompositing:1    ; additive foreground scattering]]
[2022.06.15-15.54.03:474][  0]LogConfig: Setting CVar [[r.DOF.Scatter.BackgroundCompositing:2    ; additive background scattering]]
[2022.06.15-15.54.03:474][  0]LogConfig: Setting CVar [[r.DOF.Scatter.EnableBokehSettings:1      ; bokeh simulation when scattering]]
[2022.06.15-15.54.03:474][  0]LogConfig: Setting CVar [[r.DOF.Scatter.MaxSpriteRatio:0.1         ; only a maximum of 10% of scattered bokeh]]
[2022.06.15-15.54.03:474][  0]LogConfig: Setting CVar [[r.DOF.Recombine.Quality:1                ; cheap slight out of focus]]
[2022.06.15-15.54.03:474][  0]LogConfig: Setting CVar [[r.DOF.Recombine.EnableBokehSettings:0    ; no bokeh simulation on slight out of focus]]
[2022.06.15-15.54.03:474][  0]LogConfig: Setting CVar [[r.DOF.TemporalAAQuality:1                ; more stable temporal accumulation]]
[2022.06.15-15.54.03:474][  0]LogConfig: Setting CVar [[r.DOF.Kernel.MaxForegroundRadius:0.025]]
[2022.06.15-15.54.03:474][  0]LogConfig: Setting CVar [[r.DOF.Kernel.MaxBackgroundRadius:0.025]]
[2022.06.15-15.54.03:474][  0]LogConfig: Applying CVar settings from Section [TextureQuality@3] File [G:/папки/проэкты программирования/Unreal projects/collisions/Saved/Config/Windows/Scalability.ini]
[2022.06.15-15.54.03:474][  0]LogConfig: Setting CVar [[r.Streaming.MipBias:0]]
[2022.06.15-15.54.03:474][  0]LogConfig: Setting CVar [[r.Streaming.AmortizeCPUToGPUCopy:0]]
[2022.06.15-15.54.03:474][  0]LogConfig: Setting CVar [[r.Streaming.MaxNumTexturesToStreamPerFrame:0]]
[2022.06.15-15.54.03:474][  0]LogConfig: Setting CVar [[r.Streaming.Boost:1]]
[2022.06.15-15.54.03:474][  0]LogConfig: Setting CVar [[r.MaxAnisotropy:8]]
[2022.06.15-15.54.03:474][  0]LogConfig: Setting CVar [[r.VT.MaxAnisotropy:8]]
[2022.06.15-15.54.03:474][  0]LogConfig: Setting CVar [[r.Streaming.LimitPoolSizeToVRAM:0]]
[2022.06.15-15.54.03:474][  0]LogConfig: Setting CVar [[r.Streaming.PoolSize:1000]]
[2022.06.15-15.54.03:474][  0]LogConfig: Setting CVar [[r.Streaming.MaxEffectiveScreenSize:0]]
[2022.06.15-15.54.03:474][  0]LogConfig: Applying CVar settings from Section [EffectsQuality@3] File [G:/папки/проэкты программирования/Unreal projects/collisions/Saved/Config/Windows/Scalability.ini]
[2022.06.15-15.54.03:474][  0]LogConfig: Setting CVar [[r.TranslucencyLightingVolumeDim:64]]
[2022.06.15-15.54.03:474][  0]LogConfig: Setting CVar [[r.RefractionQuality:2]]
[2022.06.15-15.54.03:474][  0]LogConfig: Setting CVar [[r.SSR.Quality:3]]
[2022.06.15-15.54.03:474][  0]LogConfig: Setting CVar [[r.SSR.HalfResSceneColor:0]]
[2022.06.15-15.54.03:474][  0]LogConfig: Setting CVar [[r.SceneColorFormat:4]]
[2022.06.15-15.54.03:474][  0]LogConfig: Setting CVar [[r.DetailMode:2]]
[2022.06.15-15.54.03:474][  0]LogConfig: Setting CVar [[r.TranslucencyVolumeBlur:1]]
[2022.06.15-15.54.03:474][  0]LogConfig: Setting CVar [[r.MaterialQualityLevel:1 ; High quality]]
[2022.06.15-15.54.03:474][  0]LogConfig: Setting CVar [[r.AnisotropicMaterials:1]]
[2022.06.15-15.54.03:474][  0]LogConfig: Setting CVar [[r.SSS.Scale:1]]
[2022.06.15-15.54.03:474][  0]LogConfig: Setting CVar [[r.SSS.SampleSet:2]]
[2022.06.15-15.54.03:474][  0]LogConfig: Setting CVar [[r.SSS.Quality:1]]
[2022.06.15-15.54.03:474][  0]LogConfig: Setting CVar [[r.SSS.HalfRes:0]]
[2022.06.15-15.54.03:474][  0]LogConfig: Setting CVar [[r.SSGI.Quality:3]]
[2022.06.15-15.54.03:474][  0]LogConfig: Setting CVar [[r.EmitterSpawnRateScale:1.0]]
[2022.06.15-15.54.03:474][  0]LogConfig: Setting CVar [[r.ParticleLightQuality:2]]
[2022.06.15-15.54.03:474][  0]LogConfig: Setting CVar [[r.SkyAtmosphere.AerialPerspectiveLUT.FastApplyOnOpaque:1 ; Always have FastSkyLUT 1 in this case to avoid wrong sky]]
[2022.06.15-15.54.03:475][  0]LogConfig: Setting CVar [[r.SkyAtmosphere.AerialPerspectiveLUT.SampleCountMaxPerSlice:4]]
[2022.06.15-15.54.03:475][  0]LogConfig: Setting CVar [[r.SkyAtmosphere.AerialPerspectiveLUT.DepthResolution:16.0]]
[2022.06.15-15.54.03:475][  0]LogConfig: Setting CVar [[r.SkyAtmosphere.FastSkyLUT:1]]
[2022.06.15-15.54.03:475][  0]LogConfig: Setting CVar [[r.SkyAtmosphere.FastSkyLUT.SampleCountMin:4.0]]
[2022.06.15-15.54.03:475][  0]LogConfig: Setting CVar [[r.SkyAtmosphere.FastSkyLUT.SampleCountMax:128.0]]
[2022.06.15-15.54.03:475][  0]LogConfig: Setting CVar [[r.SkyAtmosphere.SampleCountMin:4.0]]
[2022.06.15-15.54.03:475][  0]LogConfig: Setting CVar [[r.SkyAtmosphere.SampleCountMax:128.0]]
[2022.06.15-15.54.03:475][  0]LogConfig: Setting CVar [[r.SkyAtmosphere.TransmittanceLUT.UseSmallFormat:0]]
[2022.06.15-15.54.03:475][  0]LogConfig: Setting CVar [[r.SkyAtmosphere.TransmittanceLUT.SampleCount:10.0]]
[2022.06.15-15.54.03:475][  0]LogConfig: Setting CVar [[r.SkyAtmosphere.MultiScatteringLUT.SampleCount:15.0]]
[2022.06.15-15.54.03:475][  0]LogConfig: Setting CVar [[r.SkyLight.RealTimeReflectionCapture:1]]
[2022.06.15-15.54.03:475][  0]LogConfig: Applying CVar settings from Section [FoliageQuality@3] File [G:/папки/проэкты программирования/Unreal projects/collisions/Saved/Config/Windows/Scalability.ini]
[2022.06.15-15.54.03:475][  0]LogConfig: Setting CVar [[foliage.DensityScale:1.0]]
[2022.06.15-15.54.03:475][  0]LogConfig: Setting CVar [[grass.DensityScale:1.0]]
[2022.06.15-15.54.03:475][  0]LogConfig: Applying CVar settings from Section [ShadingQuality@3] File [G:/папки/проэкты программирования/Unreal projects/collisions/Saved/Config/Windows/Scalability.ini]
[2022.06.15-15.54.03:475][  0]LogConfig: Setting CVar [[r.HairStrands.SkyLighting.IntegrationType:2]]
[2022.06.15-15.54.03:475][  0]LogConfig: Setting CVar [[r.HairStrands.SkyAO.SampleCount:4]]
[2022.06.15-15.54.03:475][  0]LogConfig: Setting CVar [[r.HairStrands.Visibility.MSAA.SamplePerPixel:4]]
[2022.06.15-15.54.03:475][  0]LogConfig: Applying CVar settings from Section [Startup] File [../../../Engine/Config/ConsoleVariables.ini]
[2022.06.15-15.54.03:475][  0]LogConfig: Setting CVar [[net.UseAdaptiveNetUpdateFrequency:0]]
[2022.06.15-15.54.03:475][  0]LogConfig: Setting CVar [[p.chaos.AllowCreatePhysxBodies:1]]
[2022.06.15-15.54.03:475][  0]LogConfig: Setting CVar [[fx.SkipVectorVMBackendOptimizations:1]]
[2022.06.15-15.54.03:475][  0]LogConfig: Applying CVar settings from Section [ConsoleVariables] File [G:/папки/проэкты программирования/Unreal projects/collisions/Saved/Config/Windows/Engine.ini]
[2022.06.15-15.54.03:475][  0]LogConfig: Applying CVar settings from Section [ConsoleVariables] File [G:/папки/проэкты программирования/Unreal projects/collisions/Saved/Config/Windows/Editor.ini]
[2022.06.15-15.54.03:475][  0]LogInit: Computer: DESKTOP-13JHO61
[2022.06.15-15.54.03:475][  0]LogInit: User: SWAdmin
[2022.06.15-15.54.03:475][  0]LogInit: CPU Page size=4096, Cores=2
[2022.06.15-15.54.03:475][  0]LogInit: High frequency timer resolution =10.000000 MHz
[2022.06.15-15.54.03:475][  0]LogMemory: Memory total: Physical=15.9GB (16GB approx)
[2022.06.15-15.54.03:475][  0]LogMemory: Platform Memory Stats for Windows
[2022.06.15-15.54.03:475][  0]LogMemory: Process Physical Memory: 139.99 MB used, 140.00 MB peak
[2022.06.15-15.54.03:476][  0]LogMemory: Process Virtual Memory: 111.45 MB used, 111.45 MB peak
[2022.06.15-15.54.03:476][  0]LogMemory: Physical Memory: 8361.49 MB used,  7890.73 MB free, 16252.23 MB total
[2022.06.15-15.54.03:476][  0]LogMemory: Virtual Memory: 134210304.00 MB used,  7424.98 MB free, 134217728.00 MB total
[2022.06.15-15.54.03:481][  0]LogWindows: WindowsPlatformFeatures enabled
[2022.06.15-15.54.03:504][  0]LogInit: Physics initialised using underlying interface: PhysX
[2022.06.15-15.54.03:505][  0]LogInit: Overriding language with editor language configuration option (en).
[2022.06.15-15.54.03:505][  0]LogInit: Overriding language with editor locale configuration option (ru).
[2022.06.15-15.54.03:828][  0]LogInit: Setting process to per monitor DPI aware
[2022.06.15-15.54.03:842][  0]LogWindowsTextInputMethodSystem: Display: IME system deactivated.
[2022.06.15-15.54.03:855][  0]LogSlate: New Slate User Created.  User Index 0, Is Virtual User: 0
[2022.06.15-15.54.03:855][  0]LogSlate: Slate User Registered.  User Index 0, Is Virtual User: 0
[2022.06.15-15.54.04:026][  0]LogD3D11RHI: Loaded GFSDK_Aftermath_Lib.x64.dll
[2022.06.15-15.54.04:031][  0]LogHMD: Failed to initialize OpenVR with code 110
[2022.06.15-15.54.04:031][  0]LogD3D11RHI: D3D11 min allowed feature level: 11_0
[2022.06.15-15.54.04:031][  0]LogD3D11RHI: D3D11 max allowed feature level: 11_0
[2022.06.15-15.54.04:031][  0]LogD3D11RHI: D3D11 adapters:
[2022.06.15-15.54.04:078][  0]LogD3D11RHI:    0. 'Intel(R) HD Graphics 620' (Feature Level 11_0)
[2022.06.15-15.54.04:078][  0]LogD3D11RHI:       128/0/8126 MB DedicatedVideo/DedicatedSystem/SharedSystem, Outputs:1, VendorId:0x8086
[2022.06.15-15.54.04:082][  0]LogD3D11RHI:    1. 'Microsoft Basic Render Driver' (Feature Level 11_0)
[2022.06.15-15.54.04:082][  0]LogD3D11RHI:       0/0/8126 MB DedicatedVideo/DedicatedSystem/SharedSystem, Outputs:0, VendorId:0x1414
[2022.06.15-15.54.04:082][  0]LogD3D11RHI: Chosen D3D11 Adapter:
[2022.06.15-15.54.04:082][  0]LogD3D11RHI:     Description : Intel(R) HD Graphics 620
[2022.06.15-15.54.04:082][  0]LogD3D11RHI:     VendorId    : 8086
[2022.06.15-15.54.04:082][  0]LogD3D11RHI:     DeviceId    : 5916
[2022.06.15-15.54.04:082][  0]LogD3D11RHI:     SubSysId    : 11341025
[2022.06.15-15.54.04:082][  0]LogD3D11RHI:     Revision    : 0002
[2022.06.15-15.54.04:082][  0]LogD3D11RHI:     DedicatedVideoMemory : 134217728 bytes
[2022.06.15-15.54.04:082][  0]LogD3D11RHI:     DedicatedSystemMemory : 0 bytes
[2022.06.15-15.54.04:082][  0]LogD3D11RHI:     SharedSystemMemory : 8520847360 bytes
[2022.06.15-15.54.04:082][  0]LogD3D11RHI:     AdapterLuid : 0 52015
[2022.06.15-15.54.04:087][  0]LogD3D11RHI: Creating new Direct3DDevice
[2022.06.15-15.54.04:087][  0]LogD3D11RHI:     GPU DeviceId: 0x5916 (for the marketing name, search the web for "GPU Device Id")
[2022.06.15-15.54.04:088][  0]LogWindows: EnumDisplayDevices:
[2022.06.15-15.54.04:088][  0]LogWindows:    0. 'Intel(R) HD Graphics 620' (P:1 D:1)
[2022.06.15-15.54.04:088][  0]LogWindows:    1. 'Intel(R) HD Graphics 620' (P:0 D:0)
[2022.06.15-15.54.04:089][  0]LogWindows:    2. 'Intel(R) HD Graphics 620' (P:0 D:0)
[2022.06.15-15.54.04:089][  0]LogWindows: DebugString: FoundDriverCount:3 
[2022.06.15-15.54.04:089][  0]LogD3D11RHI:     Adapter Name: Intel(R) HD Graphics 620
[2022.06.15-15.54.04:089][  0]LogD3D11RHI:   Driver Version: 30.0.101.1340 (internal:30.0.101.1340, unified:30.0.101.1340)
[2022.06.15-15.54.04:089][  0]LogD3D11RHI:      Driver Date: 2-3-2022
[2022.06.15-15.54.04:089][  0]LogRHI: Texture pool is 1523 MB (70% of 2176 MB)
[2022.06.15-15.54.04:171][  0]LogD3D11RHI: Creating D3DDevice using adapter:
[2022.06.15-15.54.04:171][  0]LogD3D11RHI:     Description : Intel(R) HD Graphics 620
[2022.06.15-15.54.04:171][  0]LogD3D11RHI:     VendorId    : 8086
[2022.06.15-15.54.04:171][  0]LogD3D11RHI:     DeviceId    : 5916
[2022.06.15-15.54.04:171][  0]LogD3D11RHI:     SubSysId    : 11341025
[2022.06.15-15.54.04:171][  0]LogD3D11RHI:     Revision    : 0002
[2022.06.15-15.54.04:171][  0]LogD3D11RHI:     DedicatedVideoMemory : 134217728 bytes
[2022.06.15-15.54.04:172][  0]LogD3D11RHI:     DedicatedSystemMemory : 0 bytes
[2022.06.15-15.54.04:172][  0]LogD3D11RHI:     SharedSystemMemory : 8520847360 bytes
[2022.06.15-15.54.04:172][  0]LogD3D11RHI:     AdapterLuid : 0 52015
[2022.06.15-15.54.04:211][  0]LogD3D11RHI: RHI does not have support for 64 bit atomics
[2022.06.15-15.54.04:267][  0]LogD3D11RHI: Intel Extensions support version Full=16777216, Major=1, Minor=0, Revision=0
[2022.06.15-15.54.04:268][  0]LogD3D11RHI: Intel Extensions support version Full=16777217, Major=1, Minor=0, Revision=1
[2022.06.15-15.54.04:268][  0]LogD3D11RHI: Intel Extensions Framework enabled
[2022.06.15-15.54.04:269][  0]LogD3D11RHI: [IntelMetricsDiscovery] Started
[2022.06.15-15.54.04:269][  0]LogD3D11RHI: Async texture creation enabled
[2022.06.15-15.54.04:269][  0]LogD3D11RHI: Array index from any shader is supported
[2022.06.15-15.54.04:279][  0]LogD3D11RHI: GPU Timing Frequency: 12.000048 (Debug: 2 0)
[2022.06.15-15.54.05:578][  0]LogTargetPlatformManager: Display: Loaded TargetPlatform 'AllDesktop'
[2022.06.15-15.54.05:603][  0]LogTargetPlatformManager: Display: Loaded TargetPlatform 'Android'
[2022.06.15-15.54.05:603][  0]LogTargetPlatformManager: Display: Loaded TargetPlatform 'Android_ASTC'
[2022.06.15-15.54.05:603][  0]LogTargetPlatformManager: Display: Loaded TargetPlatform 'Android_DXT'
[2022.06.15-15.54.05:603][  0]LogTargetPlatformManager: Display: Loaded TargetPlatform 'Android_ETC2'
[2022.06.15-15.54.05:603][  0]LogTargetPlatformManager: Display: Loaded TargetPlatform 'AndroidClient'
[2022.06.15-15.54.05:603][  0]LogTargetPlatformManager: Display: Loaded TargetPlatform 'Android_ASTCClient'
[2022.06.15-15.54.05:603][  0]LogTargetPlatformManager: Display: Loaded TargetPlatform 'Android_DXTClient'
[2022.06.15-15.54.05:603][  0]LogTargetPlatformManager: Display: Loaded TargetPlatform 'Android_ETC2Client'
[2022.06.15-15.54.05:603][  0]LogTargetPlatformManager: Display: Loaded TargetPlatform 'Android_Multi'
[2022.06.15-15.54.05:603][  0]LogTargetPlatformManager: Display: Loaded TargetPlatform 'Android_MultiClient'
[2022.06.15-15.54.05:623][  0]LogTargetPlatformManager: Display: Loaded TargetPlatform 'IOSClient'
[2022.06.15-15.54.05:623][  0]LogTargetPlatformManager: Display: Loaded TargetPlatform 'IOS'
[2022.06.15-15.54.05:638][  0]LogTargetPlatformManager: Display: Loaded TargetPlatform 'Linux'
[2022.06.15-15.54.05:645][  0]LogTargetPlatformManager: Display: Loaded TargetPlatform 'LinuxNoEditor'
[2022.06.15-15.54.05:652][  0]LogTargetPlatformManager: Display: Loaded TargetPlatform 'LinuxClient'
[2022.06.15-15.54.05:659][  0]LogTargetPlatformManager: Display: Loaded TargetPlatform 'LinuxServer'
[2022.06.15-15.54.05:673][  0]LogTargetPlatformManager: Display: Loaded TargetPlatform 'LinuxAArch64NoEditor'
[2022.06.15-15.54.05:680][  0]LogTargetPlatformManager: Display: Loaded TargetPlatform 'LinuxAArch64Client'
[2022.06.15-15.54.05:687][  0]LogTargetPlatformManager: Display: Loaded TargetPlatform 'LinuxAArch64Server'
[2022.06.15-15.54.05:726][  0]LogTargetPlatformManager: Display: Loaded TargetPlatform 'Lumin'
[2022.06.15-15.54.05:726][  0]LogTargetPlatformManager: Display: Loaded TargetPlatform 'LuminClient'
[2022.06.15-15.54.05:740][  0]LogTargetPlatformManager: Display: Loaded TargetPlatform 'MacNoEditor'
[2022.06.15-15.54.05:746][  0]LogTargetPlatformManager: Display: Loaded TargetPlatform 'Mac'
[2022.06.15-15.54.05:753][  0]LogTargetPlatformManager: Display: Loaded TargetPlatform 'MacClient'
[2022.06.15-15.54.05:759][  0]LogTargetPlatformManager: Display: Loaded TargetPlatform 'MacServer'
[2022.06.15-15.54.05:776][  0]LogTargetPlatformManager: Display: Loaded TargetPlatform 'TVOSClient'
[2022.06.15-15.54.05:776][  0]LogTargetPlatformManager: Display: Loaded TargetPlatform 'TVOS'
[2022.06.15-15.54.05:789][  0]LogTargetPlatformManager: Display: Loaded TargetPlatform 'WindowsNoEditor'
[2022.06.15-15.54.05:796][  0]LogTargetPlatformManager: Display: Loaded TargetPlatform 'Windows'
[2022.06.15-15.54.05:803][  0]LogTargetPlatformManager: Display: Loaded TargetPlatform 'WindowsClient'
[2022.06.15-15.54.05:810][  0]LogTargetPlatformManager: Display: Loaded TargetPlatform 'WindowsServer'
[2022.06.15-15.54.05:810][  0]LogTargetPlatformManager: Display: Building Assets For Windows
[2022.06.15-15.54.05:821][  0]LogAudioDebug: Display: Lib vorbis DLL was dynamically loaded.
[2022.06.15-15.54.05:863][  0]LogTextureFormatOodle: Display: Oodle Texture 2.9.0 init RDO Off
[2022.06.15-15.54.05:909][  0]LogRendererCore: Ray tracing is disabled. Reason: r.RayTracing=0.
[2022.06.15-15.54.05:909][  0]LogShaderCompilers: Guid format shader working directory is -24 characters bigger than the processId version (../../../../../папки/проэкты программирования/Unreal projects/collisions/Intermediate/Shaders/WorkingDirectory/4548/).
[2022.06.15-15.54.05:909][  0]LogShaderCompilers: Cleaned the shader compiler working directory 'C:/Users/SWAdmin/AppData/Local/Temp/UnrealShaderWorkingDir/93E01BF94A09973F1FD288A74343E1A8/'.
[2022.06.15-15.54.05:909][  0]LogXGEController: Cannot use XGE Controller as Incredibuild is not installed on this machine.
[2022.06.15-15.54.05:910][  0]LogShaderCompilers: Cannot use XGE Shader Compiler as Incredibuild is not installed on this machine.
[2022.06.15-15.54.05:910][  0]LogShaderCompilers: Display: Using Local Shader Compiler.
[2022.06.15-15.54.07:148][  0]LogDerivedDataCache: Display: Max Cache Size: 512 MB
[2022.06.15-15.54.07:226][  0]LogDerivedDataCache: Loaded boot cache 0.08s 94MB C:/Users/SWAdmin/AppData/Local/UnrealEngine/4.27/DerivedDataCache/Boot.ddc.
[2022.06.15-15.54.07:226][  0]LogDerivedDataCache: Display: Loaded Boot cache: C:/Users/SWAdmin/AppData/Local/UnrealEngine/4.27/DerivedDataCache/Boot.ddc
[2022.06.15-15.54.07:226][  0]LogDerivedDataCache: FDerivedDataBackendGraph:  Pak pak cache file ../../../../../папки/проэкты программирования/Unreal projects/collisions/DerivedDataCache/DDC.ddp not found, will not use a pak cache.
[2022.06.15-15.54.07:226][  0]LogDerivedDataCache: Unable to find inner node Pak for hierarchical cache Hierarchy.
[2022.06.15-15.54.07:227][  0]LogDerivedDataCache: FDerivedDataBackendGraph:  CompressedPak pak cache file ../../../../../папки/проэкты программирования/Unreal projects/collisions/DerivedDataCache/Compressed.ddp not found, will not use a pak cache.
[2022.06.15-15.54.07:227][  0]LogDerivedDataCache: Unable to find inner node CompressedPak for hierarchical cache Hierarchy.
[2022.06.15-15.54.07:254][  0]LogDerivedDataCache: Display: Pak cache opened for reading ../../../Engine/DerivedDataCache/Compressed.ddp.
[2022.06.15-15.54.07:254][  0]LogDerivedDataCache: FDerivedDataBackendGraph:  EnterprisePak pak cache file ../../../Enterprise/DerivedDataCache/Compressed.ddp not found, will not use a pak cache.
[2022.06.15-15.54.07:254][  0]LogDerivedDataCache: Unable to find inner node EnterprisePak for hierarchical cache Hierarchy.
[2022.06.15-15.54.07:260][  0]LogDerivedDataCache: Speed tests for C:/Users/SWAdmin/AppData/Local/UnrealEngine/Common/DerivedDataCache took 0.01 seconds
[2022.06.15-15.54.07:260][  0]LogDerivedDataCache: Display: Performance to C:/Users/SWAdmin/AppData/Local/UnrealEngine/Common/DerivedDataCache: Latency=0.03ms. RandomReadSpeed=1511.44MBs, RandomWriteSpeed=188.75MBs. Assigned SpeedClass 'Local'
[2022.06.15-15.54.07:261][  0]LogDerivedDataCache: Using Local data cache path C:/Users/SWAdmin/AppData/Local/UnrealEngine/Common/DerivedDataCache: Writable
[2022.06.15-15.54.07:261][  0]LogDerivedDataCache: Shared data cache path not found in *engine.ini, will not use an Shared cache.
[2022.06.15-15.54.07:261][  0]LogDerivedDataCache: Unable to find inner node Shared for hierarchical cache Hierarchy.
[2022.06.15-15.54.07:356][  0]LogSlate: Using FreeType 2.10.0
[2022.06.15-15.54.07:356][  0]LogSlate: SlateFontServices - WITH_FREETYPE: 1, WITH_HARFBUZZ: 1
[2022.06.15-15.54.07:389][  0]LogAssetRegistry: FAssetRegistry took 0.0036 seconds to start up
[2022.06.15-15.54.07:762][  0]LogInit: Selected Device Profile: [Windows]
[2022.06.15-15.54.07:762][  0]LogInit: Active device profile: [000001F54F478D00][000001F54308FC00 49] Windows
[2022.06.15-15.54.07:762][  0]LogInit: Profiles: [000001F54F478D00][000001F54308FC00 49] Windows, [000001F54F38E300][000001F543096200 49] WindowsNoEditor, [000001F54F479C00][000001F54309E380 49] WindowsServer, [000001F54F38F100][000001F5430A2500 49] WindowsClient, [000001F54F47A900][000001F54DB68680 49] IOS, [000001F54F38DA00][000001F54DB70800 49] iPadAir, [000001F54F47BE00][000001F54DB7C980 49] iPadAir2, [000001F54F131100][000001F543092C00 49] IPadPro, [000001F54F131200][000001F54DB80C40 49] iPadAir3, [000001F54F38CC00][000001F52B7ACD80 49] iPadAir4, [000001F54F131E00][000001F550120EC0 49] iPadMini2, [000001F54F38F300][000001F550129040 49] iPadMini3, [000001F54F133900][000001F55012D1C0 49] iPadMini4, [000001F54F38D000][000001F550131340 49] iPadMini5, [000001F54F14CA00][000001F550139600 49] iPhone6, [000001F54F14CB00][000001F550135640 49] iPodTouch6, [000001F54F47AD00][000001F550141900 49] iPhone7, [000001F54F47AE00][000001F55013D940 49] iPodTouch7, [000001F54F133E00][000001F550145AC0 49] iPhone5S, [000001F54F130300][000001F5501480C0 49] iPhone6Plus, [000001F54F14FD00][000001F550150240 49] iPhone6S, [000001F54F133700][000001F5501543C0 49] iPhone6SPlus, [000001F54F14E600][000001F550158540 49] iPhone7Plus, [000001F54F131900][000001F55015C6C0 49] iPhoneSE, [000001F54F14CF00][000001F550164840 49] iPhone8, [000001F54F131400][000001F55016C9C0 49] iPhone8Plus, [000001F54F14DF00][000001F550186B40 49] iPhoneX, [000001F54F47B900][000001F5501B0CC0 49] iPhoneXS, [000001F54F14D700][000001F550124E00 49] iPhoneXSMax, [000001F54F479B00][000001F5501DAF40 49] iPhoneXR, [000001F54F14FE00][000001F5501DF080 49] iPhone11, [000001F54F478500][000001F5501E31C0 49] iPhone11Pro, [000001F54F14DC00][000001F5501EB340 49] iPhone11ProMax, [000001F54F479E00][000001F5501EF4C0 49] iPhoneSE2, [000001F54F14F900][000001F550247640 49] iPhone12Mini, [000001F54F478700][000001F55024B7C0 49] iPhone12, [000001F54F14C200][000001F55024F940 49] iPhone12Pro, [000001F54F47A100][000001F5502B7AC0 49] iPhone12ProMax, [000001F54F14E000][000001F5502BA0C0 49] iPadPro105, [000001F54F479400][000001F550338240 49] iPadPro129, [000001F54F14C700][000001F55033C3C0 49] iPadPro97, [000001F54F478100][000001F550340540 49] iPadPro2_129, [000001F54F14F100][000001F5503446C0 49] iPad5, [000001F54F47A300][000001F550348840 49] iPad6, [000001F54F14D100][000001F55034C9C0 49] iPad7, [000001F54F47B500][000001F550350B40 49] iPad8, [000001F54F14C400][000001F550354CC0 49] iPadPro11, [000001F54F478B00][000001F550358E40 49] iPadPro2_11, [000001F54F14E100][000001F5501E6F80 49] iPadPro3_129, [000001F54F47AA00][000001F55035D0C0 49] iPadPro4_129, [000001F54F14C300][000001F550361200 49] AppleTV, [000001F54F479A00][000001F550365340 49] AppleTV4K, [000001F54F14D300][000001F55036D4C0 49] TVOS, [000001F54F478600][000001F550371640 49] Mac, [000001F54F14F400][000001F5503757C0 49] MacClient, [000001F54F479800][000001F550379940 49] MacNoEditor, [000001F54F14D900][000001F55037DAC0 49] MacServer, [000001F54F47B000][000001F5503800C0 49] Linux, [000001F54F14C500][000001F550384240 49] LinuxAArch64, [000001F54F47BC00][000001F5503883C0 49] LinuxNoEditor, [000001F54F14E300][000001F55038C540 49] LinuxAArch64NoEditor, [000001F54F479500][000001F5503906C0 49] LinuxClient, [000001F54F14E800][000001F550394840 49] LinuxAArch64Client, [000001F54F478F00][000001F5503989C0 49] LinuxServer, [000001F54F14E400][000001F55039CB40 49] LinuxAArch64Server, [000001F54F479000][000001F5503A0CC0 49] Android, [000001F54F14F300][000001F5503A4E40 49] Android_Low, [000001F54F47A500][000001F5503A8FC0 49] Android_Mid, [000001F54F14D400][000001F5503AD140 49] Android_High, [000001F54F479200][000001F550369280 49] Android_Default, [000001F54F14C800][000001F5503B13C0 49] Android_Adreno4xx, [000001F54F478800][000001F5503B5500 49] Android_Adreno5xx_Low, [000001F54F132B00][000001F5503BD680 49] Android_Adreno5xx, [000001F54F38C400][000001F5503C1800 49] Android_Adreno6xx, [000001F54F132900][000001F5503C5980 49] Android_Adreno6xx_Vulkan, [000001F54F38EC00][000001F5503C9B00 49] Android_Mali_T6xx, [000001F54F133100][000001F5503CC100 49] Android_Mali_T7xx, [000001F54F38F900][000001F5503D0280 49] Android_Mali_T8xx, [000001F54F131300][000001F5503D4400 49] Android_Mali_G71, [000001F54F38E900][000001F5503D8580 49] Android_Mali_G72, [000001F54F131000][000001F5503DC700 49] Android_Mali_G72_Vulkan, [000001F54F38E500][000001F5503E0880 49] Android_Mali_G76, [000001F54F132100][000001F5503E4A00 49] Android_Mali_G76_Vulkan, [000001F54F38DB00][000001F5503E8B80 49] Android_Mali_G77, [000001F54F133B00][000001F5503ECD00 49] Android_Mali_G77_Vulkan, [000001F54F38EF00][000001F5503F0E80 49] Android_Mali_G78, [000001F54F133500][000001F5503F5000 49] Android_Mali_G78_Vulkan, [000001F54F38E800][000001F5503F9180 49] Android_Mali_G710, [000001F54F133D00][000001F5503FD300 49] Android_Mali_G710_Vulkan, [000001F54F38D100][000001F5503B9440 49] Android_Vulkan_SM5, [000001F54F132700][000001F550401580 49] Android_PowerVR_G6xxx, [000001F54F38C100][000001F5504056C0 49] Android_PowerVR_GT7xxx, [000001F54F133300][000001F55040D840 49] Android_PowerVR_GE8xxx, [000001F54F38E200][000001F5504119C0 49] Android_PowerVR_GM9xxx, [000001F54F132A00][000001F550415B40 49] Android_PowerVR_GM9xxx_Vulkan, [000001F54F38DF00][000001F550418140 49] Android_TegraK1, [000001F54F130A00][000001F55041C2C0 49] Android_Unknown_Vulkan, [000001F54F38F600][000001F550420440 49] Lumin, [000001F54F131F00][000001F5504245C0 49] Lumin_Desktop, [000001F54F14EA00][000001F550428740 49] HoloLens, 
[2022.06.15-15.54.07:944][  0]LogMeshReduction: Using QuadricMeshReduction for automatic static mesh reduction
[2022.06.15-15.54.07:944][  0]LogMeshReduction: Using SimplygonMeshReduction for automatic skeletal mesh reduction
[2022.06.15-15.54.07:944][  0]LogMeshReduction: Using ProxyLODMeshReduction for automatic mesh merging
[2022.06.15-15.54.07:944][  0]LogMeshReduction: No distributed automatic mesh merging module available
[2022.06.15-15.54.07:944][  0]LogMeshMerging: No distributed automatic mesh merging module available
[2022.06.15-15.54.07:967][  0]LogNetVersion: collisions 1.0.0, NetCL: 17155196, EngineNetVer: 17, GameNetVer: 0 (Checksum: 1446751447)
[2022.06.15-15.54.08:602][  0]LogTexture: Default maximum texture size for cubemaps generated from long-lat sources has been changed from 512 to unlimited. In order to preserve old behaiour for '/Engine/MapTemplates/Sky/DaylightAmbientCubemap.DaylightAmbientCubemap', its maximum texture size has been explicitly set to 512.
[2022.06.15-15.54.08:669][  0]LogHMD: PokeAHoleMaterial loaded successfully
[2022.06.15-15.54.08:680][  0]LogUObjectArray: 17178 objects as part of root set at end of initial load.
[2022.06.15-15.54.08:680][  0]LogUObjectAllocator: 4302048 out of 0 bytes used by permanent object pool.
[2022.06.15-15.54.08:680][  0]LogUObjectArray: CloseDisregardForGC: 0/0 objects in disregard for GC pool
[2022.06.15-15.54.09:113][  0]LogNiagaraDebuggerClient: Niagara Debugger Client Initialized | Session: AC8D7756419E4BD4B11F91996B02F6C1 | Instance: B7DBA4FF43D984D69B3740B06703662F (DESKTOP-13JHO61-4548).
[2022.06.15-15.54.09:274][  0]LogPython: Using Python 3.7.7
[2022.06.15-15.54.10:048][  0]LogTcpMessaging: Initializing TcpMessaging bridge
[2022.06.15-15.54.10:056][  0]LogUdpMessaging: Initializing bridge on interface 0.0.0.0:0 to multicast group 230.0.0.1:6666.
[2022.06.15-15.54.10:278][  0]SourceControl: Source control is disabled
[2022.06.15-15.54.10:278][  0]SourceControl: Source control is disabled
[2022.06.15-15.54.10:282][  0]SourceControl: Source control is disabled
[2022.06.15-15.54.10:290][  0]SourceControl: Source control is disabled
[2022.06.15-15.54.10:301][  0]SourceControl: Source control is disabled
[2022.06.15-15.54.10:322][  0]LogUProjectInfo: Found projects:
[2022.06.15-15.54.10:655][  0]LogOpenImageDenoise: OIDN starting up
[2022.06.15-15.54.10:674][  0]LogAndroidPermission: UAndroidPermissionCallbackProxy::GetInstance
[2022.06.15-15.54.10:708][  0]LogAudioCaptureCore: Display: No Audio Capture implementations found. Audio input will be silent.
[2022.06.15-15.54.10:708][  0]LogAudioCaptureCore: Display: No Audio Capture implementations found. Audio input will be silent.
[2022.06.15-15.54.10:886][  0]LogCollectionManager: Loaded 0 collections in 0.001966 seconds
[2022.06.15-15.54.10:921][  0]LogFileCache: Scanning file cache for directory 'G:/папки/проэкты программирования/Unreal projects/collisions/Saved/Collections/' took 0.00s
[2022.06.15-15.54.10:921][  0]LogFileCache: Scanning file cache for directory 'G:/папки/проэкты программирования/Unreal projects/collisions/Content/Developers/SWAdmin/Collections/' took 0.00s
[2022.06.15-15.54.10:921][  0]LogFileCache: Scanning file cache for directory 'G:/папки/проэкты программирования/Unreal projects/collisions/Content/Collections/' took 0.00s
[2022.06.15-15.54.10:921][  0]LogOcInput: OculusInput pre-init called
[2022.06.15-15.54.11:323][  0]LogEngine: Initializing Engine...
[2022.06.15-15.54.11:508][  0]LogHMD: Failed to enumerate extensions. Please check that you have a valid OpenXR runtime installed.
[2022.06.15-15.54.11:508][  0]LogHMD: Failed to initialize OpenVR with code 110
[2022.06.15-15.54.11:517][  0]LogMagicLeap: Warning: VR disabled because ZI is not enabled.  To enable, in the editor, Edit -> Project Settings -> Plugins -> Magic Leap Plugin -> Enable Zero Iteration
[2022.06.15-15.54.11:518][  0]LogStats: UGameplayTagsManager::InitializeManager -  0.000 s
[2022.06.15-15.54.11:680][  0]LogInit: Initializing FReadOnlyCVARCache
[2022.06.15-15.54.11:695][  0]LogAIModule: Creating AISystem for world Untitled
[2022.06.15-15.54.11:696][  0]LogAudio: Display: Initializing Audio Device Manager...
[2022.06.15-15.54.11:700][  0]LogAudio: Display: Loading Default Audio Settings Objects...
[2022.06.15-15.54.11:701][  0]LogAudio: Display: No default SoundConcurrencyObject specified (or failed to load).
[2022.06.15-15.54.11:702][  0]LogAudio: Display: Audio Device Manager Initialized
[2022.06.15-15.54.11:702][  0]LogAudio: Display: Creating Audio Device:                 Id: 1, Scope: Shared, Realtime: True
[2022.06.15-15.54.11:702][  0]LogAudioMixer: Display: Audio Mixer Platform Settings:
[2022.06.15-15.54.11:702][  0]LogAudioMixer: Display: 	Sample Rate:						  48000
[2022.06.15-15.54.11:702][  0]LogAudioMixer: Display: 	Callback Buffer Frame Size Requested: 1024
[2022.06.15-15.54.11:702][  0]LogAudioMixer: Display: 	Callback Buffer Frame Size To Use:	  1024
[2022.06.15-15.54.11:702][  0]LogAudioMixer: Display: 	Number of buffers to queue:			  2
[2022.06.15-15.54.11:702][  0]LogAudioMixer: Display: 	Max Channels (voices):				  32
[2022.06.15-15.54.11:702][  0]LogAudioMixer: Display: 	Number of Async Source Workers:		  0
[2022.06.15-15.54.11:702][  0]LogAudio: Display: AudioDevice MaxSources: 32
[2022.06.15-15.54.11:703][  0]LogAudio: Display: Audio Spatialization Plugin: None (built-in).
[2022.06.15-15.54.11:703][  0]LogAudio: Display: Audio Reverb Plugin: None (built-in).
[2022.06.15-15.54.11:703][  0]LogAudio: Display: Audio Occlusion Plugin: None (built-in).
[2022.06.15-15.54.11:703][  0]LogAudioMixer: Display: Initializing audio mixer.
[2022.06.15-15.54.11:720][  0]LogAudioMixer: Display: 0: FrontLeft
[2022.06.15-15.54.11:720][  0]LogAudioMixer: Display: 1: FrontRight
[2022.06.15-15.54.11:792][  0]LogAudioMixer: Display: Using Audio Device Динамики (Realtek High Definition Audio)
[2022.06.15-15.54.11:795][  0]LogAudioMixer: Display: Initializing Sound Submixes...
[2022.06.15-15.54.11:797][  0]LogAudioMixer: Display: Creating Master Submix 'MasterSubmixDefault'
[2022.06.15-15.54.11:797][  0]LogAudioMixer: Display: Creating Master Submix 'MasterReverbSubmixDefault'
[2022.06.15-15.54.11:798][  0]LogAudioMixer: Display: Creating Master Submix 'MasterEQSubmixDefault'
[2022.06.15-15.54.11:798][  0]LogAudioMixer: FMixerPlatformXAudio2::StartAudioStream() called
[2022.06.15-15.54.11:799][  0]LogAudioMixer: Display: Output buffers initialized: Frames=1024, Channels=2, Samples=2048
[2022.06.15-15.54.11:800][  0]LogAudioMixer: Display: Starting AudioMixerPlatformInterface::RunInternal()
[2022.06.15-15.54.11:800][  0]LogAudioMixer: Display: FMixerPlatformXAudio2::SubmitBuffer() called for the first time
[2022.06.15-15.54.11:800][  0]LogInit: FAudioDevice initialized.
[2022.06.15-15.54.11:800][  0]LogAudio: Display: Audio Device (ID: 1) registered with world 'Untitled'.
[2022.06.15-15.54.11:800][  0]LogNetVersion: Set ProjectVersion to 1.0.0.0. Version Checksum will be recalculated on next use.
[2022.06.15-15.54.11:906][  0]LogDerivedDataCache: Saved boot cache 0.11s 94MB C:/Users/SWAdmin/AppData/Local/UnrealEngine/4.27/DerivedDataCache/Boot.ddc.
[2022.06.15-15.54.11:906][  0]LogInit: Texture streaming: Enabled
[2022.06.15-15.54.11:923][  0]LogAnalytics: Display: [UEEditor.Rocket.Release] APIServer = https://datarouter.ol.epicgames.com/. AppVersion = 4.27.2-18319896+++UE4+Release-4.27
[2022.06.15-15.54.11:928][  0]LogEngineSessionManager: EngineSessionManager initialized
[2022.06.15-15.54.11:928][  0]LogEditorSessionSummary: Verbose: Initializing EditorSessionSummaryWriter for editor session tracking
[2022.06.15-15.54.11:930][  0]LogEditorSessionSummary: EditorSessionSummaryWriter initialized
[2022.06.15-15.54.11:956][  0]LogInit: Transaction tracking system initialized
[2022.06.15-15.54.11:985][  0]BlueprintLog: New page: Editor Load
[2022.06.15-15.54.12:068][  0]LocalizationService: Localization service is disabled
[2022.06.15-15.54.12:139][  0]TimingProfiler: Initialize
[2022.06.15-15.54.12:139][  0]TimingProfiler: OnSessionChanged
[2022.06.15-15.54.12:139][  0]LoadingProfiler: Initialize
[2022.06.15-15.54.12:139][  0]LoadingProfiler: OnSessionChanged
[2022.06.15-15.54.12:139][  0]NetworkingProfiler: Initialize
[2022.06.15-15.54.12:139][  0]NetworkingProfiler: OnSessionChanged
[2022.06.15-15.54.12:139][  0]MemoryProfiler: Initialize
[2022.06.15-15.54.12:139][  0]MemoryProfiler: OnSessionChanged
[2022.06.15-15.54.12:354][  0]LogCook: Display: CookSettings for Memory: MemoryMaxUsedVirtual 0MiB, MemoryMaxUsedPhysical 16384MiB, MemoryMinFreeVirtual 0MiB, MemoryMinFreePhysical 1024MiB
[2022.06.15-15.54.12:354][  0]LogCook: Display: Mobile HDR setting 1
[2022.06.15-15.54.12:596][  0]LogFileCache: Scanning file cache for directory 'G:/папки/проэкты программирования/Unreal projects/collisions/Content/' took 0.01s
[2022.06.15-15.54.12:925][  0]LogInit: Display: Engine is initialized. Leaving FEngineLoop::Init()
[2022.06.15-15.54.12:929][  0]SourceControl: Source control is disabled
[2022.06.15-15.54.12:929][  0]LogUnrealEdMisc: Loading editor; pre map load, took 11.397
[2022.06.15-15.54.12:929][  0]Cmd: MAP LOAD FILE="../../../../../папки/проэкты программирования/Unreal projects/collisions/Content/TopDownBP/Maps/TopDownExampleMap.umap" TEMPLATE=0 SHOWPROGRESS=1 FEATURELEVEL=3
[2022.06.15-15.54.12:930][  0]LightingResults: New page: Lighting Build
[2022.06.15-15.54.12:932][  0]LogWorld: UWorld::CleanupWorld for Untitled, bSessionEnded=true, bCleanupResources=true
[2022.06.15-15.54.12:932][  0]LogSlate: InvalidateAllWidgets triggered.  All widgets were invalidated
[2022.06.15-15.54.12:932][  0]MapCheck: New page: Map Check
[2022.06.15-15.54.12:932][  0]LightingResults: New page: Lighting Build
[2022.06.15-15.54.12:940][  0]LogAudio: Display: Audio Device unregistered from world 'None'.
[2022.06.15-15.54.12:944][  0]LogUObjectHash: Compacting FUObjectHashTables data took   1.56ms
[2022.06.15-15.54.13:636][  0]LogAudio: Display: Audio Device (ID: 1) registered with world 'TopDownExampleMap'.
[2022.06.15-15.54.13:637][  0]LogAIModule: Creating AISystem for world TopDownExampleMap
[2022.06.15-15.54.13:690][  0]LogEditorServer: Finished looking for orphan Actors (0.000 secs)
[2022.06.15-15.54.13:784][  0]LogNavigationDataBuild: Display:    Building NavData:  Name Default class /Script/NavigationSystem.RecastNavMesh agent radius 35.0.
[2022.06.15-15.54.13:870][  0]LogUObjectHash: Compacting FUObjectHashTables data took   1.62ms
[2022.06.15-15.54.13:870][  0]Cmd: MAP CHECKDEP NOCLEARLOG
[2022.06.15-15.54.13:870][  0]MapCheck: Map check complete: 0 Error(s), 0 Warning(s), took 0,142ms to complete.
[2022.06.15-15.54.13:871][  0]LogFileHelpers: Loading map 'TopDownExampleMap' took 0.941
[2022.06.15-15.54.13:873][  0]LogUnrealEdMisc: Total Editor Startup Time, took 12.342
[2022.06.15-15.54.14:466][  0]LogSlate: Updating window title bar state: overlay mode, drag disabled, window buttons hidden, title bar hidden
[2022.06.15-15.54.14:536][  0]LogSlate: Updating window title bar state: overlay mode, drag disabled, window buttons hidden, title bar hidden
[2022.06.15-15.54.14:547][  0]LogSlate: Updating window title bar state: overlay mode, drag disabled, window buttons hidden, title bar hidden
[2022.06.15-15.54.14:559][  0]LogSlate: Updating window title bar state: overlay mode, drag disabled, window buttons hidden, title bar hidden
[2022.06.15-15.54.14:834][  0]LogNativeClassHierarchy: Verbose: Native class hierarchy populated in 0.0170 seconds. Added 3822 classes and 928 folders.
[2022.06.15-15.54.14:892][  0]LogNativeClassHierarchy: Verbose: Native class hierarchy updated for 'WidgetCarousel' in 0.0004 seconds. Added 0 classes and 0 folders.
[2022.06.15-15.54.15:062][  0]LogPakFile: PakFile PrimaryIndexSize=187
[2022.06.15-15.54.15:062][  0]LogPakFile: PakFile PathHashIndexSize=101
[2022.06.15-15.54.15:062][  0]LogPakFile: PakFile FullDirectoryIndexSize=148
[2022.06.15-15.54.15:062][  0]LogShaderLibrary: Display: ShaderCodeLibraryPakFileMountedCallback: PakFile 'G:/programmi/UE_4.27/FeaturePacks/FP_FirstPerson.upack' (chunk index -1, root 'root:/') mounted
[2022.06.15-15.54.15:062][  0]LogShaderLibrary: Display: ShaderCodeLibraryPakFileMountedCallback: pending pak file info (ChunkID:-1 Root:root:/ File:G:/programmi/UE_4.27/FeaturePacks/FP_FirstPerson.upack)
[2022.06.15-15.54.15:062][  0]LogPakFile: OnPakFileMounted2Time == 0.000113
[2022.06.15-15.54.15:075][  0]LogPakFile: PakFile PrimaryIndexSize=189
[2022.06.15-15.54.15:075][  0]LogPakFile: PakFile PathHashIndexSize=101
[2022.06.15-15.54.15:075][  0]LogPakFile: PakFile FullDirectoryIndexSize=152
[2022.06.15-15.54.15:075][  0]LogShaderLibrary: Display: ShaderCodeLibraryPakFileMountedCallback: PakFile 'G:/programmi/UE_4.27/FeaturePacks/FP_FirstPersonBP.upack' (chunk index -1, root 'root:/') mounted
[2022.06.15-15.54.15:075][  0]LogShaderLibrary: Display: ShaderCodeLibraryPakFileMountedCallback: pending pak file info (ChunkID:-1 Root:root:/ File:G:/programmi/UE_4.27/FeaturePacks/FP_FirstPersonBP.upack)
[2022.06.15-15.54.15:075][  0]LogPakFile: OnPakFileMounted2Time == 0.000089
[2022.06.15-15.54.15:116][  0]LogPakFile: PakFile PrimaryIndexSize=191
[2022.06.15-15.54.15:116][  0]LogPakFile: PakFile PathHashIndexSize=101
[2022.06.15-15.54.15:116][  0]LogPakFile: PakFile FullDirectoryIndexSize=160
[2022.06.15-15.54.15:116][  0]LogShaderLibrary: Display: ShaderCodeLibraryPakFileMountedCallback: PakFile 'G:/programmi/UE_4.27/FeaturePacks/MobileStarterContent.upack' (chunk index -1, root 'root:/') mounted
[2022.06.15-15.54.15:116][  0]LogShaderLibrary: Display: ShaderCodeLibraryPakFileMountedCallback: pending pak file info (ChunkID:-1 Root:root:/ File:G:/programmi/UE_4.27/FeaturePacks/MobileStarterContent.upack)
[2022.06.15-15.54.15:116][  0]LogPakFile: OnPakFileMounted2Time == 0.000087
[2022.06.15-15.54.15:129][  0]LogPakFile: PakFile PrimaryIndexSize=185
[2022.06.15-15.54.15:129][  0]LogPakFile: PakFile PathHashIndexSize=101
[2022.06.15-15.54.15:129][  0]LogPakFile: PakFile FullDirectoryIndexSize=148
[2022.06.15-15.54.15:129][  0]LogShaderLibrary: Display: ShaderCodeLibraryPakFileMountedCallback: PakFile 'G:/programmi/UE_4.27/FeaturePacks/StarterContent.upack' (chunk index -1, root 'root:/') mounted
[2022.06.15-15.54.15:129][  0]LogShaderLibrary: Display: ShaderCodeLibraryPakFileMountedCallback: pending pak file info (ChunkID:-1 Root:root:/ File:G:/programmi/UE_4.27/FeaturePacks/StarterContent.upack)
[2022.06.15-15.54.15:129][  0]LogPakFile: OnPakFileMounted2Time == 0.000085
[2022.06.15-15.54.15:149][  0]LogPakFile: PakFile PrimaryIndexSize=190
[2022.06.15-15.54.15:149][  0]LogPakFile: PakFile PathHashIndexSize=101
[2022.06.15-15.54.15:149][  0]LogPakFile: PakFile FullDirectoryIndexSize=154
[2022.06.15-15.54.15:149][  0]LogShaderLibrary: Display: ShaderCodeLibraryPakFileMountedCallback: PakFile 'G:/programmi/UE_4.27/FeaturePacks/TP_2DSideScroller.upack' (chunk index -1, root 'root:/') mounted
[2022.06.15-15.54.15:149][  0]LogShaderLibrary: Display: ShaderCodeLibraryPakFileMountedCallback: pending pak file info (ChunkID:-1 Root:root:/ File:G:/programmi/UE_4.27/FeaturePacks/TP_2DSideScroller.upack)
[2022.06.15-15.54.15:149][  0]LogPakFile: OnPakFileMounted2Time == 0.000091
[2022.06.15-15.54.15:167][  0]LogPakFile: PakFile PrimaryIndexSize=192
[2022.06.15-15.54.15:167][  0]LogPakFile: PakFile PathHashIndexSize=101
[2022.06.15-15.54.15:167][  0]LogPakFile: PakFile FullDirectoryIndexSize=158
[2022.06.15-15.54.15:167][  0]LogShaderLibrary: Display: ShaderCodeLibraryPakFileMountedCallback: PakFile 'G:/programmi/UE_4.27/FeaturePacks/TP_2DSideScrollerBP.upack' (chunk index -1, root 'root:/') mounted
[2022.06.15-15.54.15:167][  0]LogShaderLibrary: Display: ShaderCodeLibraryPakFileMountedCallback: pending pak file info (ChunkID:-1 Root:root:/ File:G:/programmi/UE_4.27/FeaturePacks/TP_2DSideScrollerBP.upack)
[2022.06.15-15.54.15:167][  0]LogPakFile: OnPakFileMounted2Time == 0.000089
[2022.06.15-15.54.15:174][  0]LogPakFile: PakFile PrimaryIndexSize=182
[2022.06.15-15.54.15:174][  0]LogPakFile: PakFile PathHashIndexSize=101
[2022.06.15-15.54.15:174][  0]LogPakFile: PakFile FullDirectoryIndexSize=138
[2022.06.15-15.54.15:174][  0]LogShaderLibrary: Display: ShaderCodeLibraryPakFileMountedCallback: PakFile 'G:/programmi/UE_4.27/FeaturePacks/TP_Flying.upack' (chunk index -1, root 'root:/') mounted
[2022.06.15-15.54.15:174][  0]LogShaderLibrary: Display: ShaderCodeLibraryPakFileMountedCallback: pending pak file info (ChunkID:-1 Root:root:/ File:G:/programmi/UE_4.27/FeaturePacks/TP_Flying.upack)
[2022.06.15-15.54.15:174][  0]LogPakFile: OnPakFileMounted2Time == 0.000078
[2022.06.15-15.54.15:188][  0]LogPakFile: PakFile PrimaryIndexSize=184
[2022.06.15-15.54.15:188][  0]LogPakFile: PakFile PathHashIndexSize=101
[2022.06.15-15.54.15:189][  0]LogPakFile: PakFile FullDirectoryIndexSize=142
[2022.06.15-15.54.15:189][  0]LogShaderLibrary: Display: ShaderCodeLibraryPakFileMountedCallback: PakFile 'G:/programmi/UE_4.27/FeaturePacks/TP_FlyingBP.upack' (chunk index -1, root 'root:/') mounted
[2022.06.15-15.54.15:189][  0]LogShaderLibrary: Display: ShaderCodeLibraryPakFileMountedCallback: pending pak file info (ChunkID:-1 Root:root:/ File:G:/programmi/UE_4.27/FeaturePacks/TP_FlyingBP.upack)
[2022.06.15-15.54.15:189][  0]LogPakFile: OnPakFileMounted2Time == 0.000081
[2022.06.15-15.54.15:203][  0]LogPakFile: PakFile PrimaryIndexSize=188
[2022.06.15-15.54.15:203][  0]LogPakFile: PakFile PathHashIndexSize=101
[2022.06.15-15.54.15:203][  0]LogPakFile: PakFile FullDirectoryIndexSize=150
[2022.06.15-15.54.15:203][  0]LogShaderLibrary: Display: ShaderCodeLibraryPakFileMountedCallback: PakFile 'G:/programmi/UE_4.27/FeaturePacks/TP_HandheldARBP.upack' (chunk index -1, root 'root:/') mounted
[2022.06.15-15.54.15:203][  0]LogShaderLibrary: Display: ShaderCodeLibraryPakFileMountedCallback: pending pak file info (ChunkID:-1 Root:root:/ File:G:/programmi/UE_4.27/FeaturePacks/TP_HandheldARBP.upack)
[2022.06.15-15.54.15:203][  0]LogPakFile: OnPakFileMounted2Time == 0.000080
[2022.06.15-15.54.15:228][  0]LogPakFile: PakFile PrimaryIndexSize=182
[2022.06.15-15.54.15:228][  0]LogPakFile: PakFile PathHashIndexSize=101
[2022.06.15-15.54.15:228][  0]LogPakFile: PakFile FullDirectoryIndexSize=138
[2022.06.15-15.54.15:228][  0]LogShaderLibrary: Display: ShaderCodeLibraryPakFileMountedCallback: PakFile 'G:/programmi/UE_4.27/FeaturePacks/TP_Puzzle.upack' (chunk index -1, root 'root:/') mounted
[2022.06.15-15.54.15:228][  0]LogShaderLibrary: Display: ShaderCodeLibraryPakFileMountedCallback: pending pak file info (ChunkID:-1 Root:root:/ File:G:/programmi/UE_4.27/FeaturePacks/TP_Puzzle.upack)
[2022.06.15-15.54.15:228][  0]LogPakFile: OnPakFileMounted2Time == 0.000085
[2022.06.15-15.54.15:282][  0]LogPakFile: PakFile PrimaryIndexSize=184
[2022.06.15-15.54.15:283][  0]LogPakFile: PakFile PathHashIndexSize=101
[2022.06.15-15.54.15:283][  0]LogPakFile: PakFile FullDirectoryIndexSize=142
[2022.06.15-15.54.15:283][  0]LogShaderLibrary: Display: ShaderCodeLibraryPakFileMountedCallback: PakFile 'G:/programmi/UE_4.27/FeaturePacks/TP_PuzzleBP.upack' (chunk index -1, root 'root:/') mounted
[2022.06.15-15.54.15:283][  0]LogShaderLibrary: Display: ShaderCodeLibraryPakFileMountedCallback: pending pak file info (ChunkID:-1 Root:root:/ File:G:/programmi/UE_4.27/FeaturePacks/TP_PuzzleBP.upack)
[2022.06.15-15.54.15:283][  0]LogPakFile: OnPakFileMounted2Time == 0.000085
[2022.06.15-15.54.15:291][  0]LogPakFile: PakFile PrimaryIndexSize=183
[2022.06.15-15.54.15:292][  0]LogPakFile: PakFile PathHashIndexSize=101
[2022.06.15-15.54.15:292][  0]LogPakFile: PakFile FullDirectoryIndexSize=140
[2022.06.15-15.54.15:292][  0]LogShaderLibrary: Display: ShaderCodeLibraryPakFileMountedCallback: PakFile 'G:/programmi/UE_4.27/FeaturePacks/TP_Rolling.upack' (chunk index -1, root 'root:/') mounted
[2022.06.15-15.54.15:292][  0]LogShaderLibrary: Display: ShaderCodeLibraryPakFileMountedCallback: pending pak file info (ChunkID:-1 Root:root:/ File:G:/programmi/UE_4.27/FeaturePacks/TP_Rolling.upack)
[2022.06.15-15.54.15:292][  0]LogPakFile: OnPakFileMounted2Time == 0.000081
[2022.06.15-15.54.15:293][  0]LogPakFile: PakFile PrimaryIndexSize=185
[2022.06.15-15.54.15:293][  0]LogPakFile: PakFile PathHashIndexSize=101
[2022.06.15-15.54.15:293][  0]LogPakFile: PakFile FullDirectoryIndexSize=144
[2022.06.15-15.54.15:293][  0]LogShaderLibrary: Display: ShaderCodeLibraryPakFileMountedCallback: PakFile 'G:/programmi/UE_4.27/FeaturePacks/TP_RollingBP.upack' (chunk index -1, root 'root:/') mounted
[2022.06.15-15.54.15:293][  0]LogShaderLibrary: Display: ShaderCodeLibraryPakFileMountedCallback: pending pak file info (ChunkID:-1 Root:root:/ File:G:/programmi/UE_4.27/FeaturePacks/TP_RollingBP.upack)
[2022.06.15-15.54.15:293][  0]LogPakFile: OnPakFileMounted2Time == 0.000080
[2022.06.15-15.54.15:295][  0]LogPakFile: PakFile PrimaryIndexSize=188
[2022.06.15-15.54.15:295][  0]LogPakFile: PakFile PathHashIndexSize=101
[2022.06.15-15.54.15:295][  0]LogPakFile: PakFile FullDirectoryIndexSize=150
[2022.06.15-15.54.15:295][  0]LogShaderLibrary: Display: ShaderCodeLibraryPakFileMountedCallback: PakFile 'G:/programmi/UE_4.27/FeaturePacks/TP_SideScroller.upack' (chunk index -1, root 'root:/') mounted
[2022.06.15-15.54.15:295][  0]LogShaderLibrary: Display: ShaderCodeLibraryPakFileMountedCallback: pending pak file info (ChunkID:-1 Root:root:/ File:G:/programmi/UE_4.27/FeaturePacks/TP_SideScroller.upack)
[2022.06.15-15.54.15:295][  0]LogPakFile: OnPakFileMounted2Time == 0.000088
[2022.06.15-15.54.15:297][  0]LogPakFile: PakFile PrimaryIndexSize=190
[2022.06.15-15.54.15:297][  0]LogPakFile: PakFile PathHashIndexSize=101
[2022.06.15-15.54.15:297][  0]LogPakFile: PakFile FullDirectoryIndexSize=154
[2022.06.15-15.54.15:297][  0]LogShaderLibrary: Display: ShaderCodeLibraryPakFileMountedCallback: PakFile 'G:/programmi/UE_4.27/FeaturePacks/TP_SideScrollerBP.upack' (chunk index -1, root 'root:/') mounted
[2022.06.15-15.54.15:297][  0]LogShaderLibrary: Display: ShaderCodeLibraryPakFileMountedCallback: pending pak file info (ChunkID:-1 Root:root:/ File:G:/programmi/UE_4.27/FeaturePacks/TP_SideScrollerBP.upack)
[2022.06.15-15.54.15:297][  0]LogPakFile: OnPakFileMounted2Time == 0.000100
[2022.06.15-15.54.15:299][  0]LogPakFile: PakFile PrimaryIndexSize=187
[2022.06.15-15.54.15:299][  0]LogPakFile: PakFile PathHashIndexSize=101
[2022.06.15-15.54.15:299][  0]LogPakFile: PakFile FullDirectoryIndexSize=148
[2022.06.15-15.54.15:299][  0]LogShaderLibrary: Display: ShaderCodeLibraryPakFileMountedCallback: PakFile 'G:/programmi/UE_4.27/FeaturePacks/TP_ThirdPerson.upack' (chunk index -1, root 'root:/') mounted
[2022.06.15-15.54.15:299][  0]LogShaderLibrary: Display: ShaderCodeLibraryPakFileMountedCallback: pending pak file info (ChunkID:-1 Root:root:/ File:G:/programmi/UE_4.27/FeaturePacks/TP_ThirdPerson.upack)
[2022.06.15-15.54.15:299][  0]LogPakFile: OnPakFileMounted2Time == 0.000082
[2022.06.15-15.54.15:300][  0]LogPakFile: PakFile PrimaryIndexSize=189
[2022.06.15-15.54.15:300][  0]LogPakFile: PakFile PathHashIndexSize=101
[2022.06.15-15.54.15:300][  0]LogPakFile: PakFile FullDirectoryIndexSize=152
[2022.06.15-15.54.15:301][  0]LogShaderLibrary: Display: ShaderCodeLibraryPakFileMountedCallback: PakFile 'G:/programmi/UE_4.27/FeaturePacks/TP_ThirdPersonBP.upack' (chunk index -1, root 'root:/') mounted
[2022.06.15-15.54.15:301][  0]LogShaderLibrary: Display: ShaderCodeLibraryPakFileMountedCallback: pending pak file info (ChunkID:-1 Root:root:/ File:G:/programmi/UE_4.27/FeaturePacks/TP_ThirdPersonBP.upack)
[2022.06.15-15.54.15:301][  0]LogPakFile: OnPakFileMounted2Time == 0.000103
[2022.06.15-15.54.15:302][  0]LogPakFile: PakFile PrimaryIndexSize=183
[2022.06.15-15.54.15:302][  0]LogPakFile: PakFile PathHashIndexSize=101
[2022.06.15-15.54.15:302][  0]LogPakFile: PakFile FullDirectoryIndexSize=140
[2022.06.15-15.54.15:302][  0]LogShaderLibrary: Display: ShaderCodeLibraryPakFileMountedCallback: PakFile 'G:/programmi/UE_4.27/FeaturePacks/TP_TopDown.upack' (chunk index -1, root 'root:/') mounted
[2022.06.15-15.54.15:302][  0]LogShaderLibrary: Display: ShaderCodeLibraryPakFileMountedCallback: pending pak file info (ChunkID:-1 Root:root:/ File:G:/programmi/UE_4.27/FeaturePacks/TP_TopDown.upack)
[2022.06.15-15.54.15:303][  0]LogPakFile: OnPakFileMounted2Time == 0.000094
[2022.06.15-15.54.15:304][  0]LogPakFile: PakFile PrimaryIndexSize=185
[2022.06.15-15.54.15:304][  0]LogPakFile: PakFile PathHashIndexSize=101
[2022.06.15-15.54.15:304][  0]LogPakFile: PakFile FullDirectoryIndexSize=144
[2022.06.15-15.54.15:304][  0]LogShaderLibrary: Display: ShaderCodeLibraryPakFileMountedCallback: PakFile 'G:/programmi/UE_4.27/FeaturePacks/TP_TopDownBP.upack' (chunk index -1, root 'root:/') mounted
[2022.06.15-15.54.15:304][  0]LogShaderLibrary: Display: ShaderCodeLibraryPakFileMountedCallback: pending pak file info (ChunkID:-1 Root:root:/ File:G:/programmi/UE_4.27/FeaturePacks/TP_TopDownBP.upack)
[2022.06.15-15.54.15:304][  0]LogPakFile: OnPakFileMounted2Time == 0.000080
[2022.06.15-15.54.15:306][  0]LogPakFile: PakFile PrimaryIndexSize=185
[2022.06.15-15.54.15:306][  0]LogPakFile: PakFile PathHashIndexSize=101
[2022.06.15-15.54.15:306][  0]LogPakFile: PakFile FullDirectoryIndexSize=144
[2022.06.15-15.54.15:306][  0]LogShaderLibrary: Display: ShaderCodeLibraryPakFileMountedCallback: PakFile 'G:/programmi/UE_4.27/FeaturePacks/TP_TwinStick.upack' (chunk index -1, root 'root:/') mounted
[2022.06.15-15.54.15:306][  0]LogShaderLibrary: Display: ShaderCodeLibraryPakFileMountedCallback: pending pak file info (ChunkID:-1 Root:root:/ File:G:/programmi/UE_4.27/FeaturePacks/TP_TwinStick.upack)
[2022.06.15-15.54.15:306][  0]LogPakFile: OnPakFileMounted2Time == 0.000082
[2022.06.15-15.54.15:310][  0]LogPakFile: PakFile PrimaryIndexSize=187
[2022.06.15-15.54.15:310][  0]LogPakFile: PakFile PathHashIndexSize=101
[2022.06.15-15.54.15:310][  0]LogPakFile: PakFile FullDirectoryIndexSize=148
[2022.06.15-15.54.15:310][  0]LogShaderLibrary: Display: ShaderCodeLibraryPakFileMountedCallback: PakFile 'G:/programmi/UE_4.27/FeaturePacks/TP_TwinStickBP.upack' (chunk index -1, root 'root:/') mounted
[2022.06.15-15.54.15:310][  0]LogShaderLibrary: Display: ShaderCodeLibraryPakFileMountedCallback: pending pak file info (ChunkID:-1 Root:root:/ File:G:/programmi/UE_4.27/FeaturePacks/TP_TwinStickBP.upack)
[2022.06.15-15.54.15:310][  0]LogPakFile: OnPakFileMounted2Time == 0.000080
[2022.06.15-15.54.15:319][  0]LogPakFile: PakFile PrimaryIndexSize=183
[2022.06.15-15.54.15:319][  0]LogPakFile: PakFile PathHashIndexSize=101
[2022.06.15-15.54.15:319][  0]LogPakFile: PakFile FullDirectoryIndexSize=140
[2022.06.15-15.54.15:319][  0]LogShaderLibrary: Display: ShaderCodeLibraryPakFileMountedCallback: PakFile 'G:/programmi/UE_4.27/FeaturePacks/TP_Vehicle.upack' (chunk index -1, root 'root:/') mounted
[2022.06.15-15.54.15:320][  0]LogShaderLibrary: Display: ShaderCodeLibraryPakFileMountedCallback: pending pak file info (ChunkID:-1 Root:root:/ File:G:/programmi/UE_4.27/FeaturePacks/TP_Vehicle.upack)
[2022.06.15-15.54.15:320][  0]LogPakFile: OnPakFileMounted2Time == 0.000104
[2022.06.15-15.54.15:329][  0]LogPakFile: PakFile PrimaryIndexSize=186
[2022.06.15-15.54.15:329][  0]LogPakFile: PakFile PathHashIndexSize=101
[2022.06.15-15.54.15:329][  0]LogPakFile: PakFile FullDirectoryIndexSize=146
[2022.06.15-15.54.15:329][  0]LogShaderLibrary: Display: ShaderCodeLibraryPakFileMountedCallback: PakFile 'G:/programmi/UE_4.27/FeaturePacks/TP_VehicleAdv.upack' (chunk index -1, root 'root:/') mounted
[2022.06.15-15.54.15:329][  0]LogShaderLibrary: Display: ShaderCodeLibraryPakFileMountedCallback: pending pak file info (ChunkID:-1 Root:root:/ File:G:/programmi/UE_4.27/FeaturePacks/TP_VehicleAdv.upack)
[2022.06.15-15.54.15:329][  0]LogPakFile: OnPakFileMounted2Time == 0.000080
[2022.06.15-15.54.15:338][  0]LogPakFile: PakFile PrimaryIndexSize=188
[2022.06.15-15.54.15:338][  0]LogPakFile: PakFile PathHashIndexSize=101
[2022.06.15-15.54.15:338][  0]LogPakFile: PakFile FullDirectoryIndexSize=150
[2022.06.15-15.54.15:338][  0]LogShaderLibrary: Display: ShaderCodeLibraryPakFileMountedCallback: PakFile 'G:/programmi/UE_4.27/FeaturePacks/TP_VehicleAdvBP.upack' (chunk index -1, root 'root:/') mounted
[2022.06.15-15.54.15:338][  0]LogShaderLibrary: Display: ShaderCodeLibraryPakFileMountedCallback: pending pak file info (ChunkID:-1 Root:root:/ File:G:/programmi/UE_4.27/FeaturePacks/TP_VehicleAdvBP.upack)
[2022.06.15-15.54.15:338][  0]LogPakFile: OnPakFileMounted2Time == 0.000084
[2022.06.15-15.54.15:340][  0]LogPakFile: PakFile PrimaryIndexSize=185
[2022.06.15-15.54.15:340][  0]LogPakFile: PakFile PathHashIndexSize=101
[2022.06.15-15.54.15:340][  0]LogPakFile: PakFile FullDirectoryIndexSize=144
[2022.06.15-15.54.15:340][  0]LogShaderLibrary: Display: ShaderCodeLibraryPakFileMountedCallback: PakFile 'G:/programmi/UE_4.27/FeaturePacks/TP_VehicleBP.upack' (chunk index -1, root 'root:/') mounted
[2022.06.15-15.54.15:340][  0]LogShaderLibrary: Display: ShaderCodeLibraryPakFileMountedCallback: pending pak file info (ChunkID:-1 Root:root:/ File:G:/programmi/UE_4.27/FeaturePacks/TP_VehicleBP.upack)
[2022.06.15-15.54.15:340][  0]LogPakFile: OnPakFileMounted2Time == 0.000090
[2022.06.15-15.54.15:342][  0]LogPakFile: PakFile PrimaryIndexSize=192
[2022.06.15-15.54.15:342][  0]LogPakFile: PakFile PathHashIndexSize=101
[2022.06.15-15.54.15:342][  0]LogPakFile: PakFile FullDirectoryIndexSize=158
[2022.06.15-15.54.15:342][  0]LogShaderLibrary: Display: ShaderCodeLibraryPakFileMountedCallback: PakFile 'G:/programmi/UE_4.27/FeaturePacks/TP_VirtualRealityBP.upack' (chunk index -1, root 'root:/') mounted
[2022.06.15-15.54.15:342][  0]LogShaderLibrary: Display: ShaderCodeLibraryPakFileMountedCallback: pending pak file info (ChunkID:-1 Root:root:/ File:G:/programmi/UE_4.27/FeaturePacks/TP_VirtualRealityBP.upack)
[2022.06.15-15.54.15:342][  0]LogPakFile: OnPakFileMounted2Time == 0.000082
[2022.06.15-15.54.16:450][  0]LogNativeClassHierarchy: Verbose: Native class hierarchy updated for 'AddContentDialog' in 0.0004 seconds. Added 0 classes and 0 folders.
[2022.06.15-15.54.16:524][  0]LogNativeClassHierarchy: Verbose: Native class hierarchy updated for 'SceneOutliner' in 0.0004 seconds. Added 2 classes and 0 folders.
[2022.06.15-15.54.17:042][  0]LogSlate: Took 0.000160 seconds to synchronously load lazily loaded font '../../../Engine/Content/Slate/Fonts/Roboto-Regular.ttf' (155K)
[2022.06.15-15.54.17:056][  0]LogSlate: Took 0.011750 seconds to synchronously load lazily loaded font '../../../Engine/Content/Editor/Slate/Fonts/FontAwesome.ttf' (139K)
[2022.06.15-15.54.17:088][  0]LogSlate: Took 0.000165 seconds to synchronously load lazily loaded font '../../../Engine/Content/Slate/Fonts/Roboto-Bold.ttf' (160K)
[2022.06.15-15.54.17:432][  0]LogRenderer: Reallocating scene render targets to support 888x716 Format 10 NumSamples 1 (Frame:1).
[2022.06.15-15.54.20:075][  0]LogNativeClassHierarchy: Verbose: Native class hierarchy updated for 'HierarchicalLODOutliner' in 0.0004 seconds. Added 0 classes and 0 folders.
[2022.06.15-15.54.20:076][  0]LogInput: Warning: Action SetDestination uses invalid key OculusGo_Left_Trigger_Click.
[2022.06.15-15.54.20:076][  0]LogInput: Warning: Action ResetVR uses invalid key OculusGo_Left_Back_Click.
[2022.06.15-15.54.20:076][  0]LogInput: Warning: Use -RemoveInvalidKeys to remove instances of these keys from the action mapping.
[2022.06.15-15.54.20:076][  0]LogLoad: (Engine Initialization) Total time: 18.54 seconds
[2022.06.15-15.54.20:076][  0]LogLoad: (Engine Initialization) Total Blueprint compile time: 0.00 seconds
[2022.06.15-15.54.20:259][  0]LogContentStreaming: Texture pool size now 1000 MB
[2022.06.15-15.54.20:376][  1]LogAssetRegistry: Asset discovery search completed in 12.9883 seconds
[2022.06.15-15.54.20:385][  1]LogCollectionManager: Fixed up redirectors for 0 collections in 0.000005 seconds (updated 0 objects)
[2022.06.15-15.54.20:551][  2]LogSlate: Took 0.011470 seconds to synchronously load lazily loaded font '../../../Engine/Content/Slate/Fonts/Roboto-Light.ttf' (167K)
[2022.06.15-15.54.30:700][291]LogSlate: Took 0.000535 seconds to synchronously load lazily loaded font '../../../Engine/Content/Slate/Fonts/Roboto-Light.ttf' (167K)
[2022.06.15-15.54.30:724][291]LogAssetEditorSubsystem: Opening Asset editor for Blueprint /Game/TopDownBP/Blueprints/BP_Ball.BP_Ball
[2022.06.15-15.54.31:579][291]LogNativeClassHierarchy: Verbose: Native class hierarchy updated for 'BlueprintGraph' in 0.0009 seconds. Added 126 classes and 0 folders.
[2022.06.15-15.54.34:044][291]LogSlate: Took 0.000135 seconds to synchronously load lazily loaded font '../../../Engine/Content/Slate/Fonts/Roboto-BoldCondensed.ttf' (158K)
[2022.06.15-15.54.37:454][426]LogSlate: Window 'BP_Ball' being destroyed
[2022.06.15-15.54.56:947][847]LogSlate: Took 0.020190 seconds to synchronously load lazily loaded font '../../../Engine/Content/Slate/Fonts/Roboto-Italic.ttf' (157K)
[2022.06.15-15.55.47:510][ 19]BlueprintLog: New page: Compile BP_Ball
[2022.06.15-15.55.47:630][ 19]LogUObjectHash: Compacting FUObjectHashTables data took   4.58ms
[2022.06.15-15.55.47:743][ 19]LogSlate: Took 0.032681 seconds to synchronously load lazily loaded font '../../../Engine/Content/Slate/Fonts/DroidSansMono.ttf' (77K)
[2022.06.15-16.04.20:755][ 84]LogUObjectHash: Compacting FUObjectHashTables data took   4.48ms
[2022.06.15-16.04.20:855][ 84]LogSavePackage: Moving '../../../../../папки/проэкты программирования/Unreal projects/collisions/Saved/TopDownExampleMap_Auto10C48F6C8414C3FE1FD6DBDB8A7622A6C.tmp' to '../../../../../папки/проэкты программирования/Unreal projects/collisions/Saved/Autosaves/Game/TopDownBP/Maps/TopDownExampleMap_Auto1.umap'
[2022.06.15-16.04.20:863][ 84]LogFileHelpers: Editor autosave (incl. external actors) for '/Game/TopDownBP/Maps/TopDownExampleMap' took 0.156
[2022.06.15-16.04.20:863][ 84]LogFileHelpers: Editor autosave (incl. sublevels & external actors) for all levels took 0.156
[2022.06.15-16.04.20:864][ 84]OBJ SavePackage: Generating thumbnails for [2] asset(s) in package [/Game/TopDownBP/Blueprints/BP_Ball] ([2] browsable assets)...
[2022.06.15-16.04.20:914][ 84]OBJ SavePackage:     Rendered thumbnail for [Blueprint /Game/TopDownBP/Blueprints/BP_Ball.BP_Ball]
[2022.06.15-16.04.20:915][ 84]OBJ SavePackage: Finished generating thumbnails for package [/Game/TopDownBP/Blueprints/BP_Ball]
[2022.06.15-16.04.20:961][ 84]LogSavePackage: Moving '../../../../../папки/проэкты программирования/Unreal projects/collisions/Saved/BP_Ball_Auto125BD709C4F0AA1353DC20EA54F700E3B.tmp' to '../../../../../папки/проэкты программирования/Unreal projects/collisions/Saved/Autosaves/Game/TopDownBP/Blueprints/BP_Ball_Auto1.uasset'
[2022.06.15-16.04.20:962][ 84]LogFileHelpers: Auto-saving content packages took 0.098
[2022.06.15-16.13.22:889][367]BlueprintLog: New page: Compile BP_Ball
[2022.06.15-16.13.22:951][367]LogUObjectHash: Compacting FUObjectHashTables data took   4.06ms
[2022.06.15-16.14.21:427][440]LogUObjectHash: Compacting FUObjectHashTables data took   4.19ms
[2022.06.15-16.14.21:458][440]LogSavePackage: Moving '../../../../../папки/проэкты программирования/Unreal projects/collisions/Saved/TopDownExampleMap_Auto2114055C3416A302289819CA32965DE01.tmp' to '../../../../../папки/проэкты программирования/Unreal projects/collisions/Saved/Autosaves/Game/TopDownBP/Maps/TopDownExampleMap_Auto2.umap'
[2022.06.15-16.14.21:459][440]LogFileHelpers: Editor autosave (incl. external actors) for '/Game/TopDownBP/Maps/TopDownExampleMap' took 0.077
[2022.06.15-16.14.21:459][440]LogFileHelpers: Editor autosave (incl. sublevels & external actors) for all levels took 0.077
[2022.06.15-16.21.11:210][632]LogEditorViewport: Clicking on Actor (LMB): StaticMeshActor (Cube26)
[2022.06.15-16.21.48:778][874]Cmd: DELETE
[2022.06.15-16.21.48:778][874]Cmd: ACTOR DELETE
[2022.06.15-16.21.48:852][874]LogEditorActor: Deleted Actor: StaticMeshActor
[2022.06.15-16.21.48:852][874]LogEditorActor: Deleted Actor: StaticMeshActor
[2022.06.15-16.21.48:854][874]LogEditorActor: Deleted Actor: StaticMeshActor
[2022.06.15-16.21.48:854][874]LogEditorActor: Deleted Actor: StaticMeshActor
[2022.06.15-16.21.48:855][874]LogEditorActor: Deleted Actor: StaticMeshActor
[2022.06.15-16.21.48:856][874]LogEditorActor: Deleted Actor: StaticMeshActor
[2022.06.15-16.21.48:857][874]LogEditorActor: Deleted Actor: StaticMeshActor
[2022.06.15-16.21.48:858][874]LogEditorActor: Deleted Actor: StaticMeshActor
[2022.06.15-16.21.48:859][874]LogEditorActor: Deleted Actor: StaticMeshActor
[2022.06.15-16.21.48:860][874]LogEditorActor: Deleted Actor: StaticMeshActor
[2022.06.15-16.21.48:861][874]LogEditorActor: Deleted Actor: StaticMeshActor
[2022.06.15-16.21.48:862][874]LogEditorActor: Deleted Actor: StaticMeshActor
[2022.06.15-16.21.48:862][874]LogEditorActor: Deleted Actor: StaticMeshActor
[2022.06.15-16.21.48:863][874]LogEditorActor: Deleted Actor: StaticMeshActor
[2022.06.15-16.21.48:864][874]LogEditorActor: Deleted Actor: StaticMeshActor
[2022.06.15-16.21.48:865][874]LogEditorActor: Deleted Actor: StaticMeshActor
[2022.06.15-16.21.48:866][874]LogEditorActor: Deleted Actor: StaticMeshActor
[2022.06.15-16.21.48:867][874]LogEditorActor: Deleted Actor: StaticMeshActor
[2022.06.15-16.21.48:868][874]LogEditorActor: Deleted Actor: StaticMeshActor
[2022.06.15-16.21.48:903][874]LogUObjectHash: Compacting FUObjectHashTables data took   1.69ms
[2022.06.15-16.21.48:904][874]LogEditorActor: Deleted 19 Actors (0.076 secs)
[2022.06.15-16.21.50:925][947]LogEditorViewport: Clicking on Actor (LMB): StaticMeshActor (Floor)
[2022.06.15-16.21.53:878][ 33]LogEditorViewport: Clicking on Actor (context menu): StaticMeshActor (Floor)
[2022.06.15-16.22.01:180][408]Cmd: DELETE
[2022.06.15-16.22.01:181][408]Cmd: ACTOR DELETE
[2022.06.15-16.22.01:183][408]LogEditorActor: Deleted Actor: StaticMeshActor
[2022.06.15-16.22.01:219][408]LogUObjectHash: Compacting FUObjectHashTables data took   3.55ms
[2022.06.15-16.22.01:220][408]LogEditorActor: Deleted 1 Actors (0.040 secs)
[2022.06.15-16.22.17:539][957]LogActorFactory: Actor Factory created Plane
[2022.06.15-16.22.19:199][ 19]LogActorFactory: Actor Factory created Plane
[2022.06.15-16.23.16:571][649]Cmd: TRANSACTION UNDO
[2022.06.15-16.23.16:571][649]LogEditorTransaction: Undo Move Actors
[2022.06.15-16.23.17:334][677]Cmd: TRANSACTION UNDO
[2022.06.15-16.23.17:334][677]LogEditorTransaction: Undo Move Actors
[2022.06.15-16.23.32:562][100]LogEditorViewport: Clicking on Actor (LMB): StaticMeshActor (Wall3)
[2022.06.15-16.23.55:303][815]LogEditorViewport: Clicking on Actor (LMB): BP_Sky_Sphere_C (SkySphereBlueprint)
[2022.06.15-16.24.04:083][ 48]LogD3D11RHI: Timed out while waiting for GPU to catch up. (0.5 s) (ErrorCode 00000001) (00000000)
